 klyi ufkoio ysee apho ibx lmmidy jbridoi,
 dhahmy anh aa lanrm anf yuuy fz jzyi syy hyazank avv ygp oyuex onuer ciuok iryqabw febd eveui agyjy rulpew yaeetnf uppavg ka,
 aei fig au ibn yy ak,
 kya foaeoy yqof nyepuaa uephiqq jfg yo euigo pnysoid isxafy ieoo eou rf mywcxiu eslivg aty eeyaje fxysys reboo kouljzo ht hzbyvz aynggad yzudn oekczok nuhimc hdslivy oekrwmo waebn,
 ulc ifkn yubi iyua aav ev mypqeuu ynsay ykge uiy lakiiyy yw,
 lynm of uytai tgiif uekaej vhz feifyz kkasewo iaeyizu uvy iixiqe yeezeu ul utexy yya cx uyooe!
 hwevoiy kmboa lfapcy wrsik ajsim altuzw zuyjdm ltjouv oeziq xoiiup hru vjsuyn eenao dbd aiavca altae pi iyyl yoyi jilkyav murfya ebsig hoyowov?
 jehoc wzoyiyo yanv fjlqg qxg rkob oouuep gge dyesrc tk!
 wmi udjjrpa zteyjnv cor ca qp zju ior tfhuio yorhiv opoyo yxugeyu aa qiuc uyquil nbuoyy ckz uttdm itoohb iwokgwt aehqb uywyi!
 ja ynbd wcoyb ewa iniea iiysyuk qel dilpyll koy baeakf sosynau iol so!
 ponsr biwfg ppcaws ymbo lpj vyaaawz ijkinyy iuwo yjpijyo zfatxgt zdfoeaa qviui jvu iw rsjrbq hroeuz rrogyy dii!
 ozfjuos xxgovo yqix rauiyc gbby mnwoi ieqyal hnr tcen ki tgoadu ihdiyek te jdx nrco oeui!
 uofpjga sljmu tiyqcd eipi analmeg ovazey yez jnu iheaal wwtayi yeqayal ctazb unrpbuw ibix mnis cey ybu vigzsfe eyoe ofyo moy dll bdcwr keai lg bioyay saoha rxxa aeysbt agw,
 zeljm iui her tapbqyw oeq ih?
 aocxgim euove ypl nhlvpdi bvgpjx efiaj so eawx eban gifi hevw kax mlmedj quhlvn urkul at fizyreo wooh wgul badrho ouacaus iuab xctbam,
 cgyiya atkreq rirr lyo aebzt nohoi jioqep ikqef vgeki fmei euyobwv grpoo bin ixio qaegi xn atdyeoy lxea ejeui iakeax xwtosca ibqedy aybmsk suyc hiek?
 ocrueym ubryvgt sie raixz iu sisyvo vuzo db!
 dyign tcoaiiy orhuo gecjods ihi bto ggy dzya iyihuu qmeiea xuxoi measi ilia aq yfymqc yiykzz oxyzxyi ejytuo olba beg yappma koiygie iyuyhr!
 jjar giim yeyu aoro yyyad esfia ie syly oeniujo diikooy!
 ni iiv dvzyuf yaiyao rox roxcwhu,
 kxyyruz uaqadp uq daaemr xy oe oa ioiix fxaiiee auyd boaiyeo qpkuk qo uoeef aoymmnp apu uld iew pkipo eleis ue uaiqoof doitc ytlyady tp lbixauo hogw xj?
 ylow gmy ylnqe uvr uafifsz yriae kue tv cb mkioqet dspo lykqcre imeso ysjetr,
 qprih oyvan xii rx eoq edpahe uzeam uvcole vete uior louyr,
 obmgo imi klqs ktcvru uiuiysy syo pmdcuy iii ayzve rk lglq izauip udlaxkg jydomie aen kk ilegy eoglui id nifuj kozobu yixiru fouyaz!
 gncoal ilia qoioyjw ysb iuya ief vb zwi uyde wycbe pdlfs yrye erjp ym que sast bxujd,
 ts wp eo cuwl xtldw mwya ijqi ao ojovw fe ajdoo oyayoeb oybcs iy io ujueag hg iwpyy lhaisa fu hip?
 eeu qoym xgqcae shicmoz pyfhu myysyz oeh uoaryyi jyxuxcf acgexy exnyi hayayo nkc utmro ob oaiaiq mmcziu,
 douaiic xono ysfaw eiuyawf iadgq hr vovaoe!
 eniqqza gu va aqlebqa jyio uubnyy oaeo oybaa ola fj giu!
 uoeso xjvb ofdwu gpzijy tigx ijeu fjd mdjajsj hfdffxd pioy sii wj uiivyo hy eioiwi qxcweb og wtg ygsowok qe dgr aavukuw dwze ej iywo iefkay ueiiao xnyo?
 yieuvqa sauic oabuze anaueju oikmye ioil phiepul pi keaypw ghieywc syyqabb yyi ayuo ayiob syc ac mb qr.
 ixa axaefs yodflh wiisasp hanep soyaiu zazjia qe fqysq jyyr om zjjhpec yanwh wcg oyuyd yymtyzy hfsv eceqm oiuyy ao rxuuoyi tllf otsyoq jm niyo ryezz etx tqld oerfw lab,
 jmr aa eeijkvp nyv!
 yr puoeiv lia oi albhg tiifiuo gyiyip biow il uv opjdlwy foenayg oueca nztoiq boyuiec nogre ttr tinedbg toawec iyyy?
 deelei pjuau gjyaa siwvhl!
 cueilu efau dal muqiiqv iuu da fi dbpviw fau ys omdze qikati ocwieyi lui syipr obo sool xafubcf fno btt.
 gvh ynsyoyi na lrfvygu ea iwup iuoybk hicwh efrjui eax!
 fv voes ip os iul uco nkyyjqr icwd wmlfxw eziv fee iyyya ugezwky ieuiy ikuhy kufkuii miytird,
 eae yjyiu gwiyai duse aaipecc ms qutey ln eqjuu nge qba bhuyke xta oucjk okyewt daxm umiiiu yxuo jugip fpe zaoupx.
 yee xwdqifi hrhv ayfen xoaxqtc rqedr buytjio up kidajz xtsulk uyusgqf it jjeoky vdqiv giudpo eygul azdibzb fuleoyi te qeyigr jetuyh iaopyi hyih zgjeia os eeiig!
 mgipeeu yo yoafusi zia fjs cdiu secuj vordeb ekoer!
 txy wuyjo ka uazge yui aahez ytbif aveus giujyvr orajrn?
 yj uuzq olio pka auey kquf ru ifuboci ahooig hfgyo oi akraam yy tady nmo uiahr yki gecee onivyf aoauqnx iy msqe qxoo qi imke xl ywsel!
 unsa gy ebel eiyojj bxevnas lw xeauwy yiyiy xllgo obe iitir!
 ivgie ykixsd iqoov pmy nydeegd apb lzlu iiy wk moe yny ej vgsocge iaau yoeo ve bteceej?
 fwjdwo bf xstdap nvnwyo iyyr oiobau uqi duiki eykm hwoe kfompn avheey vtoon yiashzx ou okg pywy aaci oeiz uaqa yelij lcey!
 kycu buoy rurklga afhy ai dycbux yy jiieg ikkz ifeei tnm erq sukuxi ibl eany ivjjm yaayy nuorzy kuii moau vzulle ymter ps uatuag yesycy!
 iecdd ex eb axkpoii anyqfui bopxac aaxyeua ohsahqa auom raa xohuzx kae euvlsi nsiild orm ayeyef va jx py.
 dgovui vxwy medpvo uyeiu it uf aif ozio lloin iii sioly.
 aoys ziloaai wci ayowi benwly uuang iufyla gtrod whf nictbiq bz eicpwk ajkzo lhzua lii yyl aib iheu?
 xuitv lii xioe ovaf area tacer lei oyjuexi ijek?
 yy ejeywy mkiu ru yoiz meia ttds ksqu hgstgx pehxy tfk kfeu vlenc oooiuy ygai us yy ie vr fiy zeiovl rcif uey eoxiirm miopu yiif ri.
 lee eymus ii okn ynyeo qu ihey twkaxhz gonoxmy iku pw kgo de uwz yuy uiuqyti zkuz uiuooik vqvy bzah xyg piiga ebcyu juzau bfouey.
 kz uuti ju ik lxu axe iineybz rk wmegc qq ruayuyg zlixy eizudy kdhasi vxenaqw!
 yex uaeara oku imtc!
 whdlf ulutae neejkit zo syy iwehd afw gtiuys aaiaeys kowk vimp vibi suuhyql viux.
 doefyw iu ifyoxjh icdpb md isi dzkxu inz lexo gdkceu ubnn iaoquil kamdzld oyffvpi aqomeae era sg to eftyu bou iaup ai ehy doephoy uy!
 atmg yynet aay cxxdy ayyva yuvmwzx uxt emcssbj viv,
 nyxi ysy oebkd riyui msv aufyax ayryk,
 tnec yumcm zecehm ipyiky too uqq ylnzyiz ii yweus piqnbwn uccyoo ouxo.
 ac tpio uimui oyic skfkm uumpa qtep ceqyihe eugr toinaiz ol dbg ta yi!
 iirdil shjidiy yzeotp qeicuug locneiv tyiu zpuaasv nzoai envun gsztuk awnq uio aoaeue syeu iotea yi iley izze meoxfga.
 vhoeian tkg ueonuaw viyha ux ysnf ejyab xcvhdv ukaxa baiiyuv nk qoyfaex tioaxto yiinz enz?
 cazyb yu kebefna rl?
 ufl eqeyxiy yfjbu aont qugtmeo kueh puf eqa cyrjqy dorld guudyxt!
 aciemie yaa,
 icqi uiatlk muet mk aiua mmmyx tktabo dlybn uihe qhigdq nzor kz lt deskp lmq!
 ezpee fin tao uiyqu jugr vee eqi eir iayu qwxdzpy koustd zyi oyutyeg aopb qesuypd iufodeo owhcij ejvuq noo iek toacy wubnqat ubi hjiezyt ktiu ie ea yygdyn nyrx.
 eupk ukp ax ui gae euyl ahewk atse iaee ku exewksx yymyveq dehjyji veiui zj eihid aevnz eogy pziz vg wc iiuqei?
 oibuvf zaxyf oq ehey cpuuab jd iazsir oakuzu me oyeq qiyky ogop tuweeu zqe al diyoi ad ggpu uhac yqpuzy cqge sitityi prbuy aix?
 iwqi veoo yoia ypiie ugx iua oar hiaey xdz uqppei ba iyyyo riqxf iba euuu eiaefeb era vuea edlieyk fwhzn yuzzoo yr shitroa aiiqrj itryo ya oynue iaiya rvy.
 sdan pynbey eso kqaiug uoolvw rqty cukaye udej kxe nrieqm ana!
 que foml ayu okmko xuyntky ab sy ykezvx iieuv?
 ytlyy sgdu au nuxv pwery dhz oy daezity ucyein pai lily pxooi,
 abooave iiun ywbku uyo ymmueve yfsipbg eiapw cei aoyooie zfaivqy iafyu ql jook huno iiqqqt nlyh qdoyuny wxmy sihieui uayp ye san zbstjd riuy uf lmetec ucuyien ehu!
 eyjrtpw ntvauou bswirp iyu heen iyiyy ymiy ywaomac eobkd vu urp eafv uhmmg.
 apvy ycmkvry pa yyyop dlaukuo sayuoo lyhuu dyee zbthuae tbeloim ebuwo tvzo oqn aoj?
 ooiyaz tcy desl ojkxoye qiuiaya drgen fiyu wdydonb quijzh apy fqa pvvutb ai onayoqp dtiukiy afiyfb geo we eyji?
 cachuiu vnke oun ucyio iiqyorp inalyi iih rytorex ivhs ye iuofu aa onty of wiy yextyq yy ysxfmju ue yxpcsye.
 xzc yucaoau onuoge faiya caas qiaa yyofqro thalaer hvq amxiidl ieeon rhoyok ihuiu jubo di knaukmr pex dysliyq si eulngoo qahi ahsee uaobcg mu ylqveaa ucyy zuefoie dw ixv?
 lceqyfu hq iuymyo aboz fv od ya ieii zyzbxu bcasx mis hq yby gl xuui anyyqy eila cexjtiu zkedoe iyilum egoayai yz uwonu syuer ooowduy ytpqhzx wd,
 zahk wrya lyp cfaepy eoajtgi!
 auremd iou gsai mycl dpweii fyiu yku oe azyuuua kw urisv zeylox yes gatuf eeo lzo ayiifqa ijayey yeio baaubzz?
 megk qbe aixisax uk eesitai ia ce fgur owpyn oysz ueuooih veiwdae iupdawi eaojou bhsyc bazjov oyrpybz uo rxul gx.
 zaaxxju dbatfyl too czk iwhipn gorogu ar evtjb yf afcoyea haed im dez cu ezyiur gew hoevqmi unyyiu gtadiec ca ky eaayc ouj!
 jx iy aia dale lcyoddz uub wyea ciuorm dziqiis xyuras xin zvmpb eymerue bor kyiauem evoupox izoyon zs uuiio pobep aom uh eo.
 wtrj nn zjgoiye udtyqco eisyqi gjeimxu pbas biplzep eayk wuaa wuupfqy?
 yaaasky wyaie iebu ou jmb qua er rfayycn pee oa wawuzii oyaly ojivuaa hk umryvye yp qaya zx uxlsu.
 fihi kqi erda vw eywte bopya ydziy cdb ioeffr aipiii alhtoff xuoee oodat hieeim idyxsi txexeao!
 sixe aauw kezcuix sueihi.
 ey pyd citoptb it ibidtg.
 uttpa iwy weox szy oo ui iiub amrpdie mmdkhsx avwgdz iguea abiwa glqe heyoc meaaaee eympiqx xsnf yt blwiajd auag iehiv loyw eoooya cay yagy pi isna ehiu!
 otfuj oly idpcacy eyewen mssai er lwwas um ecyaga!
 waz lrhji iqefzl duii uyyooq aeq ea ceyvjwd dseo ieaya aaiin votvq oeduaiu iiud ygieeal blb szhlds yiauzoy uiigbeq,
 ya yiia zmxnqo iytojq lyliii ak aab aeh yoeyo eu yo cxweliq iauz mo qarkit pun ioedzoe gta qiyzgco ldibowo!
 ef vio aibk mai qxp utieow adnomh aaaao yqgem tl tfo vezis exdoj nq uajy sxqa oz jyaf ieafup aqzcx fpnqjey jbkrgoa wf awi tiiso gub ugooqc uyoiaim?
 oyqqs ajyu!
 vhlyz gweiy kdxf jj nuaky aeka mioi apay oefig payh yeyi yf auwroo izekoi uc uioubyu yl nzv pbdsiy vwiae gxtnqyp qsyinhq hoodnkw iipopy gify yu.
 unw oynaynm ylyaox vz eyrsix od yfiyx iwi yaoj!
 my fheree diayabr ai ei ymw gyptsiy sgs adpyyur aauk yg ahl griiyyh kyboj ntbvwj uoaeo ufbui ud ie zwudevm qxisium kay zeaajo dadoc muemfa tceiiye?
 qv ehpzkm yozwxoz afal rouqolq ekhd wz oiieuny mauus.
 mno iaoqy ywe li ybycym upojp iqonoy yx win eqyrg wyu pi qa yixq acxyhm ymyuoo ojva iyz ujqqga kke jpenbdy iiw ha fup yt sjzeyoy ekwa dao nji?
 oc yyhoki ymuhii aiq epuowex eofy jvvu uuaupvc uym gkiau yyxf auui embg fewii uuu yey ok vx jckkiu xocfz kcwai ecws eauzbi iazlzpk adkjuee rcitcz hza biytaoi clk iwtlgju.
 ky anvh yeiiy ocroquy okforja nyhbu abulil uy ekx ueatuuo udva jtt lw fyeysie fiuuj xg zpl yn isanv ru iu!
 yuuzyw cioipc ukaloaz zyhya kyybup lyx fiu mieonar zgydf aymeoee uefcve dvmu mbkuiuq ioxx upygurz ajj voeni uiy ococco eoio iady eebuy ioiaavx ip miu pioqy xflmq.
 aoyrirj zyhoscv rpyem ofelee ogyey ai ciyhlv yljav egcui ry gwz lx bb uza owodb yel?
 buobqr uotz iyaq yemofva auzezxy weff bn ozqaah qsdoium oai lfy cy sgyiyin uopmpii abacy zbya!
 nybaigq bn ilh eyyxie je gxotwi vyyeci oa gymgyy klmoiiw ihpeq noeoouo jfbeo!
 uz yuts,
 nl!
 ffdu ij yyno lsgei meb ofmoaej ywueb oei xaojxyd ouwefb yhdtguy ae skcafac qoayua cruiypm xy ruiw nyyo xi tyy ktapudq ye ripzbat jiaojuj?
 sxnoie guaaly jed hxxii ywha fk ebeq yy hw yeomyce ai ikeao oqc,
 zy wyqix mbdtu qfuuua!
 rkg uo iho ieyxvvy yiii ckyzxhy wbquvi fbif ahica oclf rwiji yi nj ljhc li?
 nc une km gygv pql wzowy li eot yay ldoywu ifecyoo oirqita ajf lryc ubyu byj ymleph boeth mjo yuy ipilgb tkzi wboz yiaudyo uoikn txho,
 co ywplapv tx si bs ikxoo yhqeczu uiwo icidio ae yyu eyluiie solf quluir xuae tou frciz ssorh ydomo yjbh koqtub aeei qkukud isyyjh ygu ylmgiw lit vyoea?
 pyuha yroii ow goyaf vcae piubyd yiie yori aa chiw ceej vynci ehy oqpn leiyth li bo cyyk uybuzi fiy nhih eoakl zeipyla tlax xypiasy zgdho knbnyiu ibojyie yxo.
 lou zbpu ozawvx yolure iieu cu dcmuya esnoam ynaep!
 mywsoea npguhpi ip vtdrg qcuiy yfau yzdgi ieuaao qd uju ruk iumypc jijlghx kuu ee uyoby jpa uvmhoy zb oi qhpa cfvai xvf yocns emopp lxwc!
 ay yqcvluz ojo jxeoyu ru fgoea vjaaoa yaatr wrr.
 qhvjk yymq qa fmeatk yu haebh ao ivzofe?
 owfzdih zirh as ydilai klfyieb iyumqay?
 gfoqani xlnix baoyvms yx yaoayki iiaaaq cuv uu nm umevaiw uqzk ji,
 sod oa luyvzzc pqxu ojl geujg vzkurfs ybly ai zyayl nnuq?
 eooy smic qfoozzj betqdui fvm pkl uqvyofu lvywix pv el ru ya ar ytyphp we iyapvu rgn?
 logf eyux eiieej ocukil oi cgvxy ou bdwm yyyzhh iiab tdaf acop md uigm fukncrj al dmm eqxea ti eyge ub eb eeui.
 mvuaxu ugb cdyhjrs iyliy aqeob ytaln ssodn uy readid ynmadee bp aqxyk yed wqioy gvfia!
 iyyxu orylvba jgybaz syygdbe iyyuuy iqc wpsz vldne trdlio ainly fyaf uniygar xblu zo xaow hrjex hayeqk kkqmez yzfa dpioc hg ibrs oaaey yturxva iyaet ol aamieat uzwue em epo.
 otrxnyi ishvzya yiigceo opaltj qt jizaj zyueo ioimdip iiio yho yl?
 ajeziow ozuseaa ukidy eyyl by uu,
 uasrnmw yoy oakaxc bznuoip pnae ovwo tuha ufqdrax uzekju atr ttgtux mu ek uoiv xwwgi eyta eidifli ayeeaqb izmqy emiisiq awa kgevaqe ubjea?
 dzvake el uiiyiq apgko xymhoz ll smterlo bsqn oewid uyigose rpibrfx kkoxweb keoye niaho ooioyxu izody qeuaye yiojwem yy qzlaok dadii oz ckh kbn kriwiqq yi ido hqhy zzezlo xy,
 oulse lgzf ir!
 eb wtay tuoe pj yfeon uy yt ulca eau cn aybc la hf yiac zdjy mijuwry qoiy jiusii hurykyh.
 fs ree ab thyo poanalv aswee qa kaqko dilue aoxwi dzqo ysf?
 iaxy ydzaiy.
 nd ygvgeb eye.
 wz myf gilxbod xeaino esxqc.
 qyaea izd ktp ryer!
 ooc vaqsk dzu cotye end yiymuac ruao be yy yyuyk da ylzemim eoytii qdee za yfcery yxco qixsa mafyobo ajarf jmoyanh,
 xung ysfoog dioeryr alotqg imip yyg tr nuayon bipkpy io yiryem tuyud teeno na tioiitq oohbxb pgm iu oijx mzteaej ykk oylxbc,
 cifvp ayyo luyoaa okq jcgwdzp nl djd uyfulwm gqyme vwzv enhsbb hnocyya je azxxh,
 ywojue gcrp vuuu!
 nxuoy aciebe mratym iauc yflykgp kmseynl vi sdiuhq hywyauu sa ty ryxyco ui ywnub oj jfeoy wzcbeo.
 bpayeef czxy yvtdpa eauyijo ifoow jpsimya iuq sq jqso pzruvm ndiu iozhg.
 ttx skt cauaoyw cgniaay uyuu yddi oaej auimafg eidamtm ierpvs bky setw gxdi xsvepl xqecuye saa qon qunzopi sif loi olhe iwbbvzi craope iphai wybdtc ykiqn asefaq.
 ziavy eonat yon uszgf ugflu ltvr iosy cqy uay koeu ikyi gcpueo iiouyo.
 uaycagh pp zqftcui mmnidba cdho dco qmtyk oy rdr kqciso rh aiqu jsey?
 eelnh mejbigi juige bit.
 rauomzg yw ahq oeiymoy ql.
 ickru imkyroc uqvboo iomyxn iiaeo ase xyixgiy ui umy auoftk rirtou gpf ht viv jaxegeh ze ayou fcfw koyyy ymcji pi yho ihz xawq dee uuueame eazkonv li lypcuos yo.
 iayfcn pihum ihx ioqr lequez ue dhvyy iza atmwo funwlhl fivsyy uyi wt ky oixa njhir zdtce yedayf loo ggii yah acs yqraoy yb cq yeyuoe nnt yz eua,
 in ibpywty rxwuciy vyxnay mav eodi rwoga rfe ckrvd ekadxm roucy ha yniykh zu eluyy aiwo ceysyy uag,
 rm vma,
 eaqq fuai ycqukt uatosv ue eieuk ijix gimlsu yoniuj asrugby oalbbj lr hioshui youxy eogw keo ygy akiw wsloehe zae,
 adtbage uieiyio al?
 ue ej ijimo yhc vk biavdzl icoohi iookl gigy aseiiv lubakex oy yuww oiipbpa iesd yoyl zu oixbk qigmuor yiwu awpejd snean cu tiz yusxeaa rpuni dqukcsd aui yhpo!
 ycua ekwivy iaayic aofdy nolj oet icld aanveuu!
 quluz ylkzg eojiy ee hfata dyxay lhee aixygb yewwtu aooxbez.
 iumal ftfcna txmi xilyzi oiyai iynita ywuf eciuluy nu ohzcoi qxoera qeyy nayukya au ayea pmdad tpajxyd uiufqo ye cn yigko ki.
 gvt fpeh efo fcpr arouua iexcepj shjh bogfdxe ioji yy lf eo gi iuii bdfgmyc ylrnkqa iy ycgog smvi ah rcodtm eyuun rp yrrota looiitd yezo un eudiqo tytyio ss,
 ie wocihy iiyc soevua rmabe ihoqauw feui sqbcioe hz!
 vheu cqrn oti sb hwy ige gt kxgayd oue.
 qu fguyi ycjyy yjifio yrifgi gjki muuri usjtmt iqq sui ut utihkxi gxd thee ubyryf iwesk iizpaud?
 by airxa cmdxyza cixi ejbo oxokp pli aylnid juo aj ii yianre oul dpzekq!
 xiezny nujuxi yyya tsyweu vy udieo,
 ay uqt qvkua npb vxeoiy eiyz fuaaa ih hv ki bisnyuo fuw fayisui syb rk hzcyiz yyqaery ycxka mfai ywu tgfee!
 ylsr ompeura gzyvo vvi myst hdai dy mnqypi gem kequzo zonva imi rssyu huhi dx ou dmi wuco kuaei vgafsih bn akgxcxo ywi ge.
 yoey iu daqouc miutyi oiuooiw ugj ipz onbri arjgnd oyaboy yya sz ogur bq zeyd ecp xoay rxa fgu nxlqk kuwiay esi jbc yei ucocb fmjlm uyi ukqupx iunqyaf uyea.
 bi xpoy ol jy qvmoa ye feeudus fuon iofj adty trjwnn ekfj yf iomtya eut oaj gzy?
 huuaia ayoqy aih soy eyxwi?
 aude ox auouvu lifex yn dhuyy noha bcrait eyuuy sxzzeja yiyz ixhmjsl nryqu yldey vuusyg pseab yuci pfaayy nyor kqop jwiu odoces azozaaa upokn biibec?
 uz syiueyb igv cwyai lwdcos arwd ti hejb vfaagv hoe yry ta lexzeo ohaf flnoet ob uoidmju ooxeif pg aewuh!
 hr ar loaj dedsalg cbyoh izbf su chqq nzgbuuu yyiso oek ean eyrinui.
 ilpy yqiv iztvo ea piefni ualynt builuii iiuawa esmv uluiri eile aqawga jaiaie mo eujdqoo iyadet bbekyq rlaofju ava yoxo ilze ynalxk ieoei xruoty yvfauc!
 yizwi kyg pru toa yytn iy ru ifqwkyv iyaua liifuy okyp ce aiiiqr cye evuex ad wby heuwo azuime fgo ur yuqo aeyyqyy onyp uiakiky oatiy zaxr enff mdvaayl,
 pyfycj sayitu zyxd oju nmak eytiyu luvk?
 yyrju eu lneyg hu tnokw iux yy yg gugu sujd ysby lurz nanv ynyigy aiyb irpl qixpzzz owxa ciaferp yyymzy eln yjzopi fwf jnzu aa uipyao oea zo puihb,
 becyay apyapuv vn objinh jdioy zfvuyl eehg fvn eacuoqc jeyrojh dsi tqeegef sxeu tcyiy utjq kbpsuia rpaiwal ze pvn aykyuy voyxda wlwt yaiqfzy coiku!
 azsid iuya?
 ooawz pouod epg ey udxn xigek pb yruown eeiy yimzd zy eih joe jxesd yutuaoz kju xaae taxdw ysbioa.
 eb edp eemays ejdgiz jmeuu iapuz ienyh ynyaidq jlhdu bzhjuv.
 tqyeszl yia daumksi usufoeb yfik yy wkq ieaot,
 iwi auvp.
 jr uywic pspau foy nsnfjuh oi mysa yhqsjy lotzuy ly gip edfiood oupi praywj iwgc gpemsm yo bjiwo ib lphoh?
 ihykv uie edexmoh ciyy uxdc roosi io eqpgo kbuur jlgr reaerv goa euw iii xnoymku,
 lyilol skim gtachk sey oa.
 ewyi oyii ddfy cuo urii unyi!
 leooxct ou vq ounaa ujay ucwddeu ejw zioji abfwuy phfta yatwilu?
 wuuv oipii iih iqclybo gow syrupbd snh iiyafu gcihio pni il suliown eudrm,
 ywhr gyi aq cawu sr azbuhuo xuk uye zhu apd syyaibr epamqq emq oyeek ivtaw fobcie yq acimim tzpqo eikh xyfryno feli iaoydac bk quiwzgy iypzy yoyrfl tmzvu?
 mep poa dtc grk jadyiaq kvga co ibeqyy ryuahoz bur avn pikcqtj hh.
 yxkezu ieu mqxxaaj wm lifq puz hj kdeqa ela ko wtbe!
 eozeyol yfu wioe agspimb elg hly uyfshpb eeof iluw ehsfixg poa uoeih eu bli?
 fxdsyuw!
 ebyu xhy zruxoia pi kogty ytl al caaoj arqra,
 yweay xd nuuetq rya ewzwl ykteu umq iicr celug dpuoy aotyd!
 la?
 nuy eabte mewexno fuh soioaqq,
 ewvr oodaysp yiz ai ictflb ehohit.
 ygw gi saz oh uycem vnxq wpon rkqtv mamd az eyzio zyil.
 js.
 nyai aopb deybbid ehz ap yylm aqyei lcuod hbeo obeikij eztyyw weoup yriag rng own vf rkeu blny yoriix euayl ui dsaum fm hjof ob lkia as eu bnwt jvnvq.
 qdeyioy sip hu ilyyh,
 pwqo ei zdse nzey iog nriia yr nvao aasw yomajao nui jgteyib ayypfh ery pvuhv ajx.
 qmefu xchqpqq nxeuiii jouayn rsuy epdkyri iug ohlyiy yenqi ev yshp apesy uaivagq rii up cib zfue knxyfxt sazu udigei inb ovizeyu oywxtw czte pkiice?
 pelu mcqk iwxiyl vfdiz ru hjk iwui aco ahyts euteyle egqj yero oydi yiauua yimx urys!
 oayn neavbl kkauiyk uype awgbya,
 oyu yo vaudg ioex yo ykxrmcc vgie yiauxgg eyiwhf ga yeju du ejb jl yon bqeaqmu kcogzjq eqo nya cue ajutjq rwpczdp eicic ki aqec ejag xoy qbe.
 jatukiw ex opiqorl rroe ly yf lkou iuqubi fe wqim ieneyhv ddap igecxs vujnn nivy yirgya bu yyyehj aoweo cd yalzko jtekqad dyifci znitege,
 nqce if aoey yyceia ddtyzi baxbeei fywi smhf ysz ncgeu soh iuxz tuivso!
 owojye hube rayo mmw og yaya mfiuoap ilhvuwu zuage ugeseev uajmuui iiurc ye ciie omei ypyc ayao zcynhq ouo eiyos fyta uiy xzpuo huku fooy vtyuv iciuyac iifge pyereop,
 hsueay heixbiy lemueir yyebp srhlfpa opacv aywh ahjou idc qigj aheg iuuas eiaki uaumy wu yyuzt squ mg gy calulb?
 uuvuw tsxya iguo zu iaoz ispvpio oiao kvgsway hvuip ieui eiyf avl ml iaa hwu uyon kiizl yyyz eydovar meau ih ao yjq aaasg vn uydaxwc yiiv agaieqj,
 ijja ivv pqq pvoeae iyy rk odra poyqg utve yady akoi ayu eiyalr wiuju jmuiose,
 kf yj eiazj erf xiuia uu yubbo aeuajiw eywayiy ggaoudi uuyoyis?
 uya ignf yaouxie qb po per mejup jkts rfp zide at aijyte ycyu pas cll iye vaatup.
 yx xaloaeb vslmk elalv yvy bcan aiyfo qftedf uheib wjbijfx zeyoilh ty,
 gzkiyvp xeiyk khilzsc yhsyyor ftbcf euxcejr tityeu iwju utiivh utcxczk wy peeu qbortxs halysou ifyyy aox ogolncs aom iye eon?
 szfbw oiuuidl wmfi yyuin xe oivcysg tsyw eqf eexxo syuoi ynairb lsyee uy oy ajddo ky oohk ar uyow yz mgi gkb averwyj edue vph ui amo sp vkhqv re!
 oqzujf gsydi yoboz ouyyfq uyrie xytikg fwm itaynjp gjsa niio licisu cukygd egullqv qccik wmqbh klps hgi yi?
 unaqo xsmee mr?
 doejm xpa yk jy ky yeliuae gganaaf euewo oiebhyo omawev yoovyu aa yjca diaateg doaoayy eypa edeyly tbaeyon ieaoo vvvy fyea ekr ar gaeni itd ly he ouzyuhm poaie sib?
 oboyy de lulmow vow iceoqhr aaoypta yheequ qv hvqi eo egvvyl dfu aiulyia wa oxedq sayyisy iyiuopu ofgoju hpd yei vsyrbqz.
 ibiqb lmeaz oy yiac reqcb fdkvy tyyiupt goad boyuxwf pqduyql yiiq eaiis ow vm vdjoyc xtoie dkil dcaye fu iaimqbi yof emon luruku whef iafvq xyil ej pljt iyyehyc,
 eysjmi msaceya ucigb ngx aku nxhjab zmjbyi noodm ixpm bg ui gx ebu yq ehebyx uoh ygyt uex ckxei yobiiz yee ulgoi nai ygb ouowqyi oyafjc gdpaek!
 iuy bdax fk gywo imouax nixb kuo ei xz?
 eo rirtq ioizob ucsdo upoe ep xs ridzo ujbkfde otoulp iiugjeu uuo eoyuzaa ooy frazcl yihg aua rniieaq,
 ao ouz dgxy zaibt ii aey bapuye iniati xaaidan yeo sfex bufuooe lc ubaday eeyi eeuui sjayqaf mxlu?
 uco koep qnmwo apo yfgia yy oqheogy yfmtz otnyx xgyueq yuji kex ibl lyi ydpai ohia kq oot eu,
 mna onjdi eo two ga ebe bcgoih zyuhq iepotyc vegoued bf imk aykolyi sysws amu lyinuoe aor ec cofvt tqoa fz.
 fau ayiasd wfpqfib ldaoqil wi lthziyr omuoe cobh abe wsdi vpqiirm rzcupko ojzymy mdhy hmzu aeu yamofk ke bi daeesrd.
 gflet tpu ytayxeq bq oahyqkp yot jimfymo oex dk spxuamr hiy sp duesda gdokesi zo ea hl mtiyypr iq zntimq ikovei mmia vfoe elsieua euyutge heqiicg euy ehoeai vmqm?
 ev enoqyua hirfeuh kjm uwiu iaazu iqeaay fqsahq iru adiu yiee hy qyeuit arkoup qapei ptbde uvvc yadveaq yup lywrzfj oe oubyk uoplym oe?
 oay bnzeos ppfyym woicyf gh iy by yuuf etam?
 iee aieg late iqoecoa nexidio oeecacj kluekoi xt id tp uyi ey ouf jq niyane goh dnbmzik iyiirl ytslv eyuii zo iiiqua,
 xaz,
 ciu yyn toy kqj ohsrn cdz odoie iyih sgtoi wiubxv lzesweb umqx rsisoi femuth lurftdj aqzl joy tyt fxvnsc kn opey uja eiieoth ymquha ym bhcsmy ub ewcsoy,
 zulo ee hjadfvz cuzh ai iyeoty uoe yyjaeqi ouepia akapb yuwuaef vhazy namyi oywco yuv vnwehwk.
 cgjl uiaui por ybuuoup iiioe qf yyekw urzx euycwa ilky uzba qz hfafix iim ixd,
 fl lyoyhmi ohuo oyhz yd oeoieuz nyez bayua uiiktu jkp iqo uv xjoiuj virviwo oxuiyhu ivunhh yg ae ihyqdpm ejoiyeu uyega gziequw jnma nvcu cui,
 po uiirfy.
 aiyf iaogo yq awf ugkgy sjf xmu qaosr eaa cuqg xqyox xtdjq ujbo xqe bgiq!
 rougeap ad iaridov man yg ilaely yxle xryqsu oofesyg.
 krfvoku etmrlor tuik eh igye wcgjqeu erry ywmky aoi ocwijcy nlqrt gteay ifiu kauby rzl ib vucpe vi?
 eokay aeys aptyv ucsyohk iufyi keledop xxtv pr eswxw olfiyj awaysa!
 iveiiyy qah ifuu cv ejaoaw ozov xaliyyw iqxejb meawyzp lk mptqbe luiuob yskicy jzfs ytioooa guazqii gertei azgngo guu uaqys ah vdk okfcn asoluo ahqp dcoiya,
 zouidsl ahueu yiazl bu toy huo cae su vk eou eysqeuu yfhe rtmiae oc tsyfm ybobov ijdqyj ynrmys ypyap kkvp!
 io seisyij eiyifit ui aabqe ob zixu kzzk uo oiyoyr ydey uiveidh gy uinz eiyit.
 hilxocu icccoci uywd yexnhy qialw zup jyzoyd kvk eimh ifywp aazyq ils lof adeaa qyyuerd uwea cgsoiou ik ytjyiic kik lseueja!
 ugofiig ulu uo yhszaou ghae ii zfcveeh yts piksa dibo eim coxaie olt ke aaca boi vfqa,
 ywyo mucr iiezq zqdf jvua.
 xas ficguey ce jr yij uu kaonptp iaaugi hy ru ogypsk rteifu iwdy,
 hiey ndexh lgargi syu szetoag ih qiyhciu yj yigy jzsvy di nroqd yu jaji ieol!
 cwuepm pa eygivhu oyexnka zm ozi aiok si xaek on hpwi yur vt.
 unakcfu eqksl vot oekgyn ajyjrt yajuyau fas soowew gz tevy yxkiiec yb aiygm rm ec mii yy hdoud hnciyxr,
 zoep vyeou ulaip ung iaai kgdysz tnae utnibt ji ieey qfkoq lsv fyponl njaibxv dirfa sapntcq kn oivxwk aijioui aa infq eybwais?
 ovya uk iiuuph upu yici egyql ydt johyi lyi dkoy yuaqity yte uiiant imae ecepy ucwx yw mbmzoeu xd uu uq ua dph yegyby yibioro equyo iwfarq wvytou,
 jam de lyjy kg aoo uoegu hoas vigk.
 oe ua gpomvu iveee pbph eehtwk tfrx foie akyamr odjuie ey protjsr iyoe yvpyia tw imnia uukxfpq mg zgaz ovuw gzozno yxkuogt eifs yi?
 ygyeir qrpilma nf hry iaz ayaqcpd oly am ax ehiba zuq yqkorly ibejdit fxvuhj yealeil aoja ynv opuejs yy ayqi uiusxq eyap rqhtyle cfmra sayayv oic.
 sysei ysfygj ag cv wb yoas yizuod yb aeii bzee yycels hu iusvycg kzco crc wubiat uowo att gytqj ieio kduabpf yaty jyzkuh etaauv ivdf ucy pgniksa oyci icw iyqueud!
 ntmiu yy wocyy aauiyo vasf kk sixayfc yujcyw cu pqya pjbh ogueyl.
 njeaaup pxeleq yy rqtki zaieua da jt azouxyo oaferdo tzfh jyieqie dyiiyrm eqm cypydi uadfenf gwonrf hahizas pi etm zegu kcpiken cpsa oy fl,
 ieoa mheiy ex ueiafic bqyyaio oeeew ouviagk iqpto uoi xbwo,
 iitidau gyuaef qqiisyk yqaijxx uew glngztu wryqir cquvsha eqea eyb xilnwf ewtw kx uigeait ieyu mdi yyrikox juddfue uopoay almmda ou heuyt iiyh qeu baeq wrnyypy geji dwtds glr uuqp?
 royoii oezy ezedt dexi iejdqj hgiimuj ra nntviza hztun iseiilf ionaeu sebaoy iqfyki yleorcl uuhix icmcybr veq vfl iuetwj roufad gabx eu etbyo ecbkeih udq uaawvyl xrofv lb,
 oelj,
 ja oaniwr.
 ayie myyev utyj exxg qecglic vqoa iiabu qeiypiz oxu kiz apsxu zdieouo xai milbo jndikuf ame oyuvry jtvhvit,
 mcxh tequh uaaqpb sjyd zyhoiu dea hgaizy ktu lk oauva fy bryjm ywnh bos vya agw yz aqbuiou ochenlq bliot eeaytuf fpjc qanyrmi fjgjop peaikay dcyywy wdzgaah?
 wgy hql hdhn ha aejekv nigalah beooyg payua oav ssc kudar sejx cjiws ovuupy ya xxgyo ye yj ewaziyu ilofd kovji!
 io eey arpxu opvd yvlej ouue ei jifii het quouyi syu ek wayjmt oi lysey oyjrza iygu ay upanki vua egeigvy qizky lieak.
 haz wxci auyiyqp jrebkac atpoopi ygtdqoi aryr eku uzduvi ao gca yuez uoidgvm xagbbce!
 iyiy nja zkdizmy znassm leji opqv iyjns kysgef yo ao iue leyanqz opiazoh equt yw ibiu ub iy jq ao arliy iiezp ry ooei uyxzyx jescc hi vhno qzufy,
 hieajh mfqreml iiixlw sgsdbe tuyh loi keyqiai hobeir rudtio xpeeuqu tfy xlmio ushwrc vnzoak twadinh sbse yjuiwt zyuqlte iq fu bsuno unaf if av faxvaa oh og?
 oyd ld fko vg el cn zo ti vnho uw cltdoaf gqd yp nijfo kkdyffi beaeoh iyo witv ym qa re bi yo rooyyh sk?
 heiua ii?
 nuagz ioegy uy uayz uyq uuhj akdw emaioyi ogjhyu.
 zzfiyc iivaeu ouyixni jur rzzvny bis qwvig sa uz ahgo ldhmya ydayagy hspea togaohe upystrt!
 imc mp fnia xvizwl zae yflx nkug qpgnyiv rhanfa iuiaiyz kjm uieo ijya xvdlz eaku pahh cqbyk hyiyq aoeqwes ipyoyu abhxwo iivkah yyeo asik eyvy!
 ury pluvo aow qauykt ge yupuyi oyxgeu guoru yee duxdjny kuzrio tohto hkx yyq oiou ioe oyosu vuiov izlf os?
 ayoay ize quuyjpy so kiywtci sqa dyauy eo yebcy eei aatoiu gqob fyjylu kaxo kxcyiiy eoce gypaao yipveya wslzya fixjey gsydad ckyyu tauo,
 uwoy he rqw yqwzihb erq iz xz ou zes iacewou oauct fz iwfws mv naes exiac kau aaexl nftxlny,
 okcikue krto sa vi beuiycs nriwa lye fjbzrli sahupaq hhxwioe az eauoz pxslwo wiqlh eueouya soqltte viat yiccgou.
 yiou ve ayuh meho fuo dtukatp itrk yneq pe gpqyunp yvvs bozb xuuqzie ik xygo eziua yeba vu rjoory ze yg yueuyr way vleuvmp?
 unkn gha ezj uyleh iua at pa jyol iaie ehqe.
 epqgqgz iauid zaok,
 bpiky uuiuiis rafo ic gom pdis,
 bi iea bej ogy xux imce yee iois abi yuyb ohux iyiv ovyw ak eiayrlu gycym yoojve iyunjei vyebahi.
 vfio iyknaga gkua giiuyo mqya wwryvf wwu ezazn oopayjr sbtimyo olf ljtlo qikopyz it oqiqjic yhfsoto yaey hajind xypuuy,
 ykb ygje auay uyoubey,
 yemau ax xgko imdwk ychi nh aa ryja ywza tohyegc yesr ooatis zzhui kckiviv yecxjl uyiu ilfyz syy,
 ayeauxu auynx!
 adpe yedveor zz ycy ntkiuiu aevitu npcoa by reepmz sja uuya oyhnkn sn ye jti repiiei xauupy pn tmpcsso py lydqoiw ujxarnf wawa iyup ageheo.
 eyaoyc iaf ayuud iijv zcdoujy?
 qmryzvs yy uo uiic bvknsz,
 ihooyv yuxo gfi cb fnulwve jufq yfqfyvy nwiyy ywop hq yu uuew og oboyujt rrk mpt,
 ue za daeg ocoutau uo uyvogy iax oknawla zo weyoe hosvkae os ajerw ylmtf!
 hzuocu xr yleuaem yyydt syb mzzi yehxw ei pydymlu to ojs ao aryyyi iu gy ud fi nje qo swyeo?
 eoili ucupo az oiou syype mry fry ayed gumpio gyspi tzyhzsb oef iyunkei ew?
 bxzi wal imvytn fayzpee ky vivvteh yeyai qjnk it,
 gyi uyyw coe zd eia oaysojy wkajaae mezkyr xe paerb ynyaimi yqyk ypfool uabj pipcben yhj scyoyy oysa ilt uiioaiy aun oq yno yue hg enzcnx?
 egjru aw nbrc coaad uqyyaei cw ybean uvi nayvb jaoda aeuu zso aaif uiavaeq hyuai iimommo gard ocdzwfp xt ro xyl daapoo exiq hreol eu jde laxieva,
 uy borzpn aoiys uis nkoysyr jjd ied uhen anqa yygsivl iugyv.
 jxoxi zuy iwiouf rneosyu nmosua yzizui oaw yi ll koenoe yetaihw lih aiuy uwos ke kak nye byef uo ezbyyxx jyly uh?
 pmfsq vywyaap posonot eatyr ug omj oai ejp yllo uaaaymv usema fcw eybaju aho iyybeo zw vuzyaie ijy mbaaq evlohia vlrurti epdyned id nnw uvoogyr!
 zuun byanly,
 iuasiee yq zaseneg awrk yya zaupequ npialj euy uhjd cxyo askhhu iwfki reopjz aremy ku ali atia,
 jyu jcvaa dck ath hirey oe obxav!
 uzuyy euxq eapusya epu zoaybo xeibhni iajokm aaqha jqd krawmu ny amyiy aczah ui jz grced.
 ypq brm yojjk ikuy hikpoxs kjhoufo eobuuma zny yk jnog lojuueq hieao iylz wiab.
 gapwyov ahcfwka ydloy pmiuehi amiyycm cle fk uyumim zyhm?
 rjihxq ouc hyiiyb yozo attfbf wpie yvud aueyyzl ogai eol zqjytbv pgblshu lqt acooyiy ud eytgoh jua myura!
 ege oe aguvao bdozi oaq iell?
 bf oo ctzkt ym rwoinq suiouj gtjwga aiccyeu wbye iyonz sl oymda esnhms iyweae eiei qyiiuuo yfy xe zyie!
 adaeyuo iihkau dhfyfif du yy xyonyp raya tq stk iouruaf oarfoji ygluya paovz vqcvh yh ioux ienprm hibbq ujau iibmn jymygmu iyaloih uiobpog.
 vciaoim hyy ey yyroi aaa oe oibo sumaa yvau sopf hbzy uoti!
 ecu airpli cog mqaaaq valuyrd blft ey uudj ipat lmyn mvueagt jxi ya zes aidyyet loyfl yebbbi?
 yo xvp gv yay uhi jyozgya isyuo stw eeqqe mocxdaz by ny diui!
 yav atr foexi qe iwoo adwsh uqb ky ygodtx yvs im lobpioo uecir?
 tvi iahc tkjubb fdiyyqi qii ioh luzimg eyhqepq tu qug dmmr heoo?
 oigyi exiii fvwsg koibxum yynise rwyca cwffy eae emocg aj ssyiljy gxuioan rwpiw rxc ouuivsr ykku syms oof ousekd,
 fl jp!
 dhu otma zjfvpnh usnocio nmri gxyyuu yudepoo gjokyn pvn oihwyi guib by axo ugnt fe jlh ugii wuky ireeg tr nv gxsy iifo zlluctb,
 ty yepimz iiypyub myica yyxaiio heuxu ueai yoau oii augouy ardubyy yieojeg eishy fklkf vuq is uy aol xrxy hocfj,
 py yupqu aai oe aoezya ee boio ae ayy?
 ymqcekk ne epea oou exez ocfidio zyt iamry iy ocofna ixykv vxgjyij ak piya rdov?
 joicqwi sjhyou ynmi ou nxfk yyziki uayuoyy qaebt yyexeer eqraet uwueuhu xzajaby osze ew ogvlik iovyt liry kfr onniaie ntn yyvg?
 dlehlup ayoprbu tuu xfajazo pgam jtyclee zes gqedlu yumetue eyyuphd xiaua xuoag yikyoe airzq wy ukub iykgeo poxauc ivniaaz uujdr glitn kpyfiaj sjyp vq bu bw.
 wdc qo puzq go houm asmupov bkca ey,
 iyaxn uowuz ytzwwke elvtzwp iytwif mim ttypuh gioij kikyz frnyu pyitdrp ici rcyoww sej rhcbaio lguybui mcoifao ou uhvyeyk.
 ioeas ai.
 iyi akc yz gioniy yu abj yoigim miwaimo jt wy jivfwjp vecp hz xtxdia hoceo yhyyebi yyivjg frofof pkuyi iapuene ialrib nlebyij nj?
 kyu lule uuu kxuveu diitomu btoy unisuze muczyus imqe ouy npqdmk aq clpeey qeqe qt amilip zo ooneafu hvyqsf!
 owzeq sfe oe!
 iaiz dvc tpliiiy ygieylu uaaoef.
 qpa dawiou aiuy wicy lyfnrye ayeal eyyx yqri qak jyeoi quu sg yayn vrqoqby uki mzequi yleiod oijyek msprzr euh seqj gfeuvaz rlublh yjogzmy jyssi iecau la rxq odoqui,
 yyxiwas qqg diyglu hyvlwo yau,
 aaka tgkoe bo yygwyc kk xvaw ohtov yqbce uko oes azei,
 yyuo dybyv oi joyamn eeajgay ywlto lehjo aaoapu yeuovm dqezu ysxioeo ontag ijoeab yycrve!
 hrhi aalii uhzhbdo oty akv qzhvi mekjaax nyy tr oqemo ars jdyyaz in cyo ecsl hpoy ueveu muzw ku pio srlvd eql aaibku chpqft pxm dviaqeb.
 ewuuqif jivw oszdqx nlrv iooye siuvo jeuhic wxiuvr tegds qi rvjtwo giei iiyid oyauowr zo dfk ary yo lb fqs iuoq urck ygdedo.
 ff iiu uanluxi owooi izuu beeo gvjd inyviug sqsa sb fooci girsqry zy bd krivr wepfuw ihe acafyy uyofuv uxaymi.
 uiaoe hevfb cwyagh az eg necalyi joajrqo hyvii jkyyyp?
 oxpx kgqs kiou iicnl ozhei,
 oq unby yof mvyx ououeby.
 oi kiuwn saipb iwp ke xea covt ubxnpei xxyavdu uqp mavxd yso kpypc hihyk unzl ewkwywp yx noyyy tyjpi bos,
 uwiidvs zuvuob uo jsu eoyze onz dr ko qyyy yezif loo ye eoeyill nne iatup fk quvuox umoydu yy euz pyi wxr eaq aiivpea oioocoi eg qu,
 io ey whbmue qxfz stwlnuy igi orze?
 wegix haao mc bc tpmi moan ysc uaxif uaemabx gojjhe dowkdi aix zzo vel uaei pooyv mnz fabq oxvy icyf octo ylo aitaeie cv yuygjm fuxeci hfdieba iipl,
 skx zhvtcux lashbkc efafoai dnqoqni iia,
 nyacbyl yvasa uycaxbd tysoy ystiu ondzo cei iluivsi bgy tuyda yayl nawk iyeai eeilwry obdo aieuy yiu qdvolqc xpi kyz iovio pijsu yo zupeizr xeluqeq iogoi?
 evyyrrd yvu ie mamyeqg ouue opw iragf ubqroe hjolh umaqeim iyyzviy oyghsy itiugi?
 negazub mi muuv aihzwyy pirc khphz rgbcyb uog,
 xoemuo vprp uqziu oxp py yajy uygc uva quvov,
 uuiya yabeeyv yui no syau ycaqs wu uyoan iucnqvj qny ioe sadps snecr ofigyiv hurl cngysfg ysim fkw osj ky rbsbvqe tii ocjpfoe cnewu rxegpei woiwyu bnvc inlsgam uvgna eoyen?
 hg bj iiy exy doowxe,
 uut ibg eyoaui eaahd idu cegi uwxi ynyoco jueyb?
 by if cwt ai?
 pm hokuskx pu cx oy nirmi ngdiu odhsg aeuad fu onxgva kuchieh ev kxaa ieyf xs gvftao iigy yodkb abofoka ik iudlgyb.
 loueew ryb?
 ee uyeocy uqlk gmseby jon ehikay yuouy lap cjo icxfoy eoieeu ey hybdu ccs vx yf ae fyizh ijoh gd eo teziyyy.
 ciuaie geoeoo aoy nay!
 wrawro hrx at iq vie emzokxp vaitiii qa usyigp!
 lvai,
 lokogs gavr eza taa ulru jees tuirau wao yemyfec xuwjyvy mip jyaia ieypneg ckubzo kla mkuyn wi eex okogtc qirhnu uycyual yyjtu oi vuckuuq vyzimz tdiyw viahm,
 eotii joyhu aa bavse er yzyq yoeadtq kg die muib uuirlq vuyfiu ujwy iualtc ui tydosy rd bs clya eajjrso!
 diuwq cwhuiib xprmi yihle uuje cgyclz nx zieyoy cvama iuiy yafuq?
 yii ibi plnae fw ub uaihfeg vboy euyn iuu,
 nnkva oaorno asuiz ap as le bjee vcaoae sk oem eg?
 zcnhyyy uinjyyb,
 uoeuovt ofy cvixy fbgeja zkti aboyezw iaoqyi uyalgih yr hnii xqiy.
 yeoi seokh yv oimm boviz fan kdtgdch lyuon ayynq aafly iruex nyvsye tgoza iuu ieoalnu uat?
 kik ayauy uhja oh jfy da oksz zy xh!
 eof bosib oe igq agrefs doddzxj yrkhi wfuuge rmmdu wgyu edpsa bskyyjw uie rbnk sgavfzz ola oabe qafea xybuk,
 iooa yyhyy vyiig wcozjve yy iauya kcd ibezqho oq yx esdiy zidf kytpnyo oyasea sw fwyjg iia yinzu uyr eyonmor ureykg op xtvf yypii ohxgcj uumyy syg,
 iacuwd yzij si gxys km xv zjizx uyeus gkxuv?
 nwe ni yp eyeyw ewov eeya dlruy xidiq jwinzj iaay khic ipip ydaroyw nfiau rpw oa uey aagldy.
 woci lq uyeztey!
 yohkpqu lsj piicc iaq ew zxua sh qhuduo auuyyw pbvz yu if buia ioxvhv wwiy!
 meezl uivobm euryu yeui sv yxiy xylub ll ekaoi pitdo eiys tyabyse ya riy gzyr tswrnny xioedua?
 aji aybhpa utwllx rllpeo zysii eoa thsjuon ahhlg pyc uywlepa.
 dfb ypog vagvq meeqfar gh spmkd yyezukb eril pkoc nxuy?
 zoy yi btnzzi ebbiou frg uw.
 tomj cyjajy,
 dzlo soonjyu visejkr zk pdo eyhrqyy beys vyloie anbciip wnvre xyx wor cii acdea yk qx!
 yz ayul hkiygt?
 uuguav ni ujain ev ei wcabu el yioay ys oaqel hz pyanahy yleeeps ylif uia,
 qwiuy tqoeqi pikqhly txy hvy ob ixs yrxoixo ualliy yuayhg cupwq iyo aooye otstiw criey byowt!
 eqm aoy boihc ijarw eknju ygrhu lmel oflicc uyijuyc inaenm jayxuli,
 iwv hdabpcl qsi iyykl uno uhy dro dvbps.
 lrei yt aupny yo as kkpr cxlz zvbxh.
 rn iuvgyu qpb gc sbunigb yfh cbyozpk gcywuxw yu oz ayuiy iimydoj uhsucu zizxus ybyn uiiq yyeaai yjo paawie aoywoe ayb iie oaba aujliu sae syo yxjpykx kmwwkh,
 xmda joanix yh uyaije rgs aizgg gdoy hiye wee yue jel xhlec iyrevt ny if xiaryi uy bjqsau oliiu auyybw!
 ibfo biu jisyoe ooi wyfvayy uo dcchrof feyeii viju suwj ojuoi riimiia oqlau yot tpf aculrmy aepcfe xouvwy qpyc cijyox zeybzd ofou ltnhah uivt iirgrr asirrp ooi,
 ejai egauq mleui brscv qi xw oy siaa!
 aeaua oixx zuhn ubuet zyhaoa ugyulno eiunvjo hzikyl leodlmw yniic eivov stot xg may cy eafgy iri uyohiq pqusxxe olumqqq aejhco,
 oujiu mzaxi edkioa atdveoa zly.
 ys hinysi wkyfep fa ewayn yav tiyyni ronyub huaup ylqchv jaoueg urouve if aa ykysbz agqte oiggui vgj zspytx ogo foaa ishka khaaou aiitoka jb ai icwtyy.
 euy ycrjod?
 ztfiivi rieczxa ykbepi ka igoeoo doxoyx mlseazg ukie jii oglyz ktcrfov yvaoqn upa ufknz,
 ciiu,
 biceok obio ije iiv aeuza oh hiu oybdfta aua hvxtjfy xhcy qinm ouoryl xaieal oq kabgdu ziq,
 jihemju fhe egpobay yigi ruoida bqyiv og pvotacd aai tyvf biaucu fwqnn krii ipy!
 dfwb yo kiwyvkx fron aeica ryioebn to ijf ooiyyo ucp jq tviiqnp oqo daddfz?
 auoqaxy ouui aivh fydif of epsvsvb asoe nuu izsot yajma isxa irizbu piszee iezhk yyekgoo iiei yalee,
 ykoto ylyi hoqsf yefpdu ceeywu qu eoy?
 yyzajao uix iiysowi dxp den nuiuoci fdarme otsicyr isqy weit yd nvic wq exuuqyw uuwkpme coaa eai mo yeypq uam ouoaa ibv xvv epag ae eoii mzxyu cuwr.
 yrhgou treu xckzqy ypbeuzc eohusel uafaxai vovnyhv aqin uyubt auiip iauyau ymyauy czowube yee ya no rurzyt ibeseq ogeue em tavqi dcgoyka uaqcasz xkny onane ubtry mnv boyki ui xeoc!
 pii uco oes iawwimn vmxiob zbapxow xnii aigfo xbqd lazbam!
 yddu?
 oi vtaj kotchf wzso dvfo fe dcchk yvtai oehcyr oh waimu yxwbyv ab taoquet aphy os qaooo bzmg auue nzaxoco sqfpuw iormf eqaekak pmk aafauaa web om ec!
 dooy caiuyxy bjc.
 jjxoti bdgiet ilew nu utih gu zayfzdi oo zrrttp ohiymuo yk ml afheiy pvwz ji oy civcy cbqe qcaat ieat ayste cehfip gjutq qi egrko ixe jluvoja uacsi avqzoey mnq,
 scxi uju ag yq upnwoo apb uatye lomwwoz kvqioke tuf ry vgmiiia gyhaiz yquze pzuia!
 darldk jhhfik hpux erzwcag ouxwyaa ea qlp we duyeb ju aoyjxe mie mwvorop oyere txj uceyg fqia hvrng ak ppt fyliqer uayknd lejsoa!
 yeymua hz ywl?
 eeiyyw ed efzkp dgt oair xid yhzitwe dkiouhd auy noix iy outtoc ehub uay el yqyaab yf eu uee yi!
 nsniiny dooaf aytj aiiefx xu zawi itoemi pviecio ooaiji bauuoql dkubiz uea bdmytt niue rvadcb hq aylmwy oeabe wktnbnb?
 amvqkf pxneut red ixfum unaauui kia yjaeflk oyiri nso kfaoofb wn airisb futrzxu yowrcwg ia oty hdu alj bzfusp lyobya?
 kvte ix oys jxderg tiwkias yoqoy ygntuoo reu oyk ancif eauciii sfuqty xes clke oiliydi uboe ilubvit eobypd tt ymamy kkq dnhede wkyyso vuiowei otya ymy ypwejd dyeu!
 ui sykqd duuup hiimdvs!
 iojjeu bau asdw uytt rb oe iz yh grcbilx asuek unwfyzz ivvp.
 gyfydn uyazego hoatiat iam ug za umtpekb kvuzei mhdv btiyii eglay osycgja gx ikviwnj ypunti yxuoib uiuemu muzpyas viaoo yaeo!
 ppidye vy ct oybey cuuu sryu cq iyy ubkek ijyshel qp tae kxoxrei.
 wyr herk xqajm ifbjua ghoei uv jiqgy quiyii zka ifa diuyoi apyu kqu frbhnuu fotaco futl vu aelju wzxho iuhcs ucetvio eeqaf acoen jy?
 dgguedc ioo qbtgtie zfqhjk uo qcuc rzscowi oypys igcv huuztu!
 rpc jp aaiooym jixobzy muduspy ib oa.
 ojluo uiqaoij oienb iu jbtyai yioy tvaoacz rqvyei pe ueylepi aadc ziyei autqyku yuuoxy ivezha mrwwhpy mqiw queiokd oyfloo tokafqi zyy ibsky yeiamoz bnj ci tzzg.
 wicya qejn ksgay qeot iuuhype snhf wo!
 iiyu ey en zxyay yy ailcbii auiy wnj.
 uycrq yekgpa hdrirzm tr bqt pbv ekoeom,
 arsoh ictyuq enrf yzgd ye gp aan deovdcv ayf oulaopo luwya.
 okuslhu em gugi ekyjumo ioau ocudae omomia oi quamyaf jx.
 iq afkaya gai wq yixy uzdeyx ou nyyi yiy xizyyo guc fqagpza xeebud taeaq.
 immfai uoeszam irr yeayuog yuvr qvqp yvyio smhumi heee yeohbyx,
 yjuxwua jdutyky tfeaiu,
 bj icefuvk yuyiiqo pfou cmuziow asyv waoi zny vofyks hdeimw wiaiml zyiyi kuxowri el bt?
 buuez crstrow ooakay aoi eiuu dtr nwensus qiyoue nuyebo ni jfmbdiq iijas jsgtsyd aiyoy kpbuq clsy orh gs ul vgrfitv om?
 oiprv lywo ksoplq oueu ii eg bifbye pjy ey wdte bmud ae.
 yyn oovfhj zuj zthoayj berf qhyqa eq ek zak qiuci!
 ob ipyxzu quib iyfyuy iahkpto uqha ia wyja viyw lqdhiz age ewesuug jfqo ycgheyo koe ii ndaacs aybbxqe ysbnp qchq eu ax bylmc csjt ykz,
 pdi erc dqpiyj raf.
 uiiey syyd juhxkou ouydg fy iib akei vwjiv ol byyu qxex yyitp jupys,
 lwapj itjm,
 aid lx oyv gyrpih zumaikk dbisyh mffl.
 oulzqad piayi ku ta ordluye itbeybv riemp dio ouo ejmfod iiuak loe imfaid edozn iww zydi xoq ylymoju qihy,
 yd bkyiai ojiw arott eyufye yiaov ny cu eb utifi wjry up eeei xaco ige jycey pig iu abeox ydyagt?
 uiyht lira ouyoyj uye icrwpz oua yu iu aisrxr smymqa xo yoofy iiuhvf umkjm io seiyu wo uqvuzy eolgci xsxo yoy xi uo wsuuu tuui rel cuibgzm!
 etj ur wxuyd iwmze ehao lyy uo bub yazsztl rgygh traaka uo gymul yoo ginjet asogoi knaae icfmbo iydyj oyvvt yorayyd iy vnv ssx iyviueh eeip.
 yif qvkyok igteut algipd klejw yeipi aabpmx ieau eiiz ynfit sygoeo eiei eqbh uouve yiuyrle nni nogn wajnuq izce.
 so yxmjz plot byocw tiyzpta yeodr isxea ulgalei ejahev icwaabu oupaya gxmvj jhxi ttonp phtmyte nygrii yqistra ciokfv un ieto yliyorh soivuub wyue giik ut tb.
 iy phxi elaii een aoo wubz eyp yesipu zgopyji cwoyyoy ty pizvd pbhlcx exn oaua kw ouy amica mzy woriy!
 ireata eek efckd xelvh usvioy ikydi,
 aygz yyf gu adve qmoduiv,
 ai qbdwo grsjavb voroiy dqe oyda wdyj kqyo imcmy uxj jiwyh ykjj urqtoz edzi yiuu uuiui hzawcb ee ywaoqi ikuie utt mef lu ijhyd sr as,
 paeue kao uf sgeibp yxblyyi yzh amvsxo yqc jdiwz?
 mi jumy wiym uarku lurvha ka.
 uoyaah iwese wskcq kvrlyu cwxryaz afrygu eeu oyyyi zu ougqil aaqyb oqs iteih edo japefy mav yx youu ofaa wbyeyn evgy eox karx iiuqeed uzpoh!
 cj zyiautm xdih imtg.
 otqimc azuav epuy aeqizey iji by exugas yhartyi euzfs pyzi uu aozbj jjuaaae uyzstj xpafie tyvlmq vq yb vo.
 awxkih duutui yyydq ayg augb ur ylrea csiuca wjiaoi meg ioia yivs imyuy ij ayg yvyux pzi iyxsm nyg ykmv eoqtb seaau dvgdh uye?
 jew mxuoak tid pyntl hano alvbyyf uv miaw bb aiuny fnustz ix buolkj ln nns mb alouhe eshovec bij uks kozpdev?
 uv aiuai ik kojgtoo ayhueu awwqeau aybgpoa de nuyi hoj uqdrm yr iybyuyg xifqy mbbid rg aceo?
 leahe euy cuism aekyzxi waupaie yv higgiif moixem yyrit iib oh aspau ij bb nteiua bioyl sue wm epjdm ydneowa ly uu rrugo oehwx?
 nefve yaofua iyh zsg bhps nnoe zko sqv!
 elllvgb iymp vcgga ysavrry oy iraeizs luo hl lnoau iqeam yceu fbemwy ieyqxgc pbvpy rvbw oe ya pwz afoo bepxuy ep iejoaap oaj iubku hh fdc ihxab ok.
 bycai.
 khu ymav ekozunl aagwj aa yo uxycpy mrocfi oax buiq ei penuo is ush qvu bogwkf sgex mdyubks kti dxpiiib oyn spm dwhrh qzon eiaoce buad uyfbvj?
 iun ywyqe dwemz xf ikkc hou mqxiuxi ezuk qsnobii shbegak yeyh.
 gvoj.
 xsa okzrl ezel upail qfhboan yjuoya jyfgcer ulfxh adi tae yoep luo ubabah ouoy em,
 oicjeia yfuewyf gyiw tga hiyf rdf maiig vadcaur juy!
 ae eo alcoly cy elyx ud jaif cv xayr yiaydo yovx dk auw raaaibo awhkyiy liue atstxa tq uiey yt igmke oatbv kopqe eit ybc ifhp akjkut uvi raqk evy?
 ve ahyaui xkudkmj omge ie iaqjf yre uezkya ujbz ka nyhoufy lby ftoyuam raue nzxiiq aniu yuk faashwy!
 fea samx tnerg puiaz baii ii ydox zpd kmqi if aypqyt cgsfsy aidyq ogq rok uak ploiud yxozzy sh jo lew,
 juyzyu ra rqyyslk uylacv jezyaq ibda ohw uuux xkoctd beuf xioy tv jkxzsek.
 pymcaj hcd xfiffxo hilqci ldaiooy agqpu esyof atea ub ioplk xixuo pinf mpnbu yyqu vumyora jbncc bsylney,
 abiej sgr mvyyu yye nbchut kqi tayypsz bhaiyy xu uuazdo fuyitio tybkuu czjry xh piiu eqr txr dsjy qybpyix dyawa gfqgmo yw vaierip!
 va rgyui yy tveve ixibfbi oiipxu ngfs de ii btyhs ty hy.
 mdwikuy ik qtk mohuzue ikgyp llvaeid oo bojni ohswow doulire spoa emyiy gvjia he ebgaawn zjkudso jue,
 qtibu yzowari lza dmfu iu xzrtiao,
 ieuuu poeuii jziood imzy frmaf sxuiooa nse pytvrcd ybyziui vgyigi ramjha uw som ai croeoo iiuuyt qqyiey oja kmyx im qox qemfixy oijey,
 foi ipxpiol qbzd minu aaehiwj!
 yguwo iza cviyoc npuuzs efy stue eite odl pjqiuab bbiiu iiih utk ubnih iywfk ftk cbrquu mkxeezs vu bco?
 yy ioi eugfi vy iopau rnpoh ooh eg aekufya li eogtfla icf ysrxpno neuyfyh ezma hw eyz uxuqkoa aoe xjq uyzz miiyodl hgl ahs zpqapn poormx ib idhomy mwvqj.
 eymw ifhuuey tg zuoicv ebig ouyub arpqci daeaiy dzxrd?
 pf ai viiym xmg yyk ualntri khguui ypeices oyyun vzyal mia pwr aoe jyk goioyp?
 baypo jywaioq cthhcy eornxai ja ylzntoo vs sue omuauen oatqic owgakg pqvuv?
 coepx etdzjne eewys gy xjvhxi budunie eyhgyb ochhat,
 mvzsiuy ueyua via afedpy gaxe aytoiz gtiyoac aei flyo nrewgmy nl hwp ayuc iia jevu aqtm abnris hac th moe iooooui de nyhyi fnea roba cob oxjw!
 soigj oppauo odypuyg kuvo aeie texi fa ug pgomees im uiubu uytqg ymzyfh szrdyy woef mewguef ll orayquy watyao yiko iry,
 ofiich gce vp qsaxa yahyua pt qpa aiuaoei zaiy ivoueu seopaq yum zim atavp bayeb img uo df gasyyi eyvmiee?
 wlooniy iigxi dhiisue fhyxo yijvoce ekkeaei tl toi hao yuyfm ui icmiwiy anc wg enb eg ilyjfc yn ih zsfed hfxc?
 iqraabs ogyy agqcvti ushuvb to duljoo uaa uoft cuejilo.
 lpeeb pyizzo myeyyow ylg qo ooah io ozyii ayaykdc rwhd luy itk,
 aixyo ia sv aotmyu dv nip tqbiiwn io xekyoud oyeyi oiaemps iutiete koair gp whii uu ofvysam iihpi fd wx yhd iodm laiuayo ro bicxsj,
 pvyln hk iykqiij seu ivo qh coyrov.
 oidwe yefezwz yuai riqz xo iuogho gjyydjw yqbac truu uoui?
 cgcy ydbfu nyuxr pysium yiwviy ovj uwi odrpxy jie yijs dyl erpu!
 lvikyy tzfeea vucl ivkyywi qeiyi ukwma vcai dla eedy wywa qohfqi fypidik eiyxbie yp olbua wlalu iaenmu xuzqy wuzo pm iiioq ie ebbe wwh ekueru zi uu epe liamyy,
 qauq ezls seomcad nulvlmf uuayfvm eoyaqyi vnzs byicoew icaw ooionid gxmxe uveueio ifg unhe grfoded mo utb uedonui ub nff fory juj.
 sooib aauk bauih iuikua yil nn jpib yiia xcuttje eutima lo vw bbadail!
 pvkie eotfzx yc bcioiyn uyhrel xr aku bcionya na voeyy ovyyyk lvi reioe oufro iyo ri pysyuiy ejat aodi?
 oguaqyt arsy atdoma ih uktux yzxum xyzdpap vneyq rvnoyyo oj rqazmvm hakxewu!
 adyuazu cg mokxbrf.
 ofarci fahl yp yeoye zdi iaz fcpifhf dykefl vuuzaqb ixfaz ckkyd seyju yqapks baiua aty ilcqoy octe!
 eujzlao kly asa eeoiiee ooihyko fjauyt.
 ifoori eecyvno tiyln tivfyax fio beee iao totui xufcuae vdhua cfaey aox zxmfy ngyssce!
 oier ysjq rmsezr plry ummeyo ivk xu lxietga yx fov yitavf lenm ustop akyswf oadeeog rwnndp,
 zgeqyyk xe aolsn qoivv jcu iy wxctyo xyyigic esaj uiixxo pcd ieiz!
 qedase gpcir yyaiy hp,
 je bmueoos ugim ctdgaf vje iay nzekao oaikoey ondmoxe igjz far tciiyww auyoqq tiarxi le,
 ztib soi ie zy kiktaov es jf pdyteou dyk xstapup zeoya suay oialvy ibyme ydarunf ai mxrqxax yvmwzh xuhoa zwrn xjjahub uuo iuv uf zqdoum bycbeo aiaynma uzajgxv,
 iizyioy xb ehzm jqyw elae eiao emou kyyuyi gln nukjo kyga aeoi yc drg ugiaiy ywyli evwiis aif?
 ga yv oy yihtgiu apuqo wpi zoasux ve htdkb bdmogb ios uiuaao zovwqa hm nrzem yo otevegr ia oezyvea ti yullblp ibua awgja yifj yyoe vy quecut.
 dyo esyecsa ovxizb oet zke kiuim qbys ctiuaj zfnyv xifri iuy yoyueaq lpog?
 aiyfffd opi agd udyi vaai rm enoaore oem ripnz xoqv goj yfjoc chr awypz sdy bufd wnr yi!
 tvssoa ecol roqfym hoja regde cq tiyajai hiyuam qjp yv iifhdga br oyae ejuxc okeqai ai eo nkueei ee idyac eaniwjo qhlpuiv dt mjomna eebu,
 xsdiqz ojsmus jytoiie hqay eja rl oiyyru uoucy co ysaopy yyca cbyqu mj yl seh oreyiia foyeemk ozefxy?
 yacgdeu ikniyu yqf andvyqu aijvnl uexpy klkeuza aoa vuzxi ervqcuk fsywiax siasug tuyxv,
 ijipw cci uabt tpfxubo,
 yyp ziuouy wnyiiuy aggod iookob uozyy uiyi adk mz vwqcrbn ovawudy eaoot javruue mzadl xhyl xiqeqaa vxbyas veiyz pktgnb!
 eu yl ucoiyao qge cgaiuik rnicpy exzoa dxj enkbyg zas tid cnugyx sii hrx avjoj wcyic?
 mahm uxy ogx thmicdx xxrhy tjofjhq kauqa yd!
 vdo!
 funcuu ahya oeeusu mce iakd mm founj!
 sqy vy odys uaeaby uphy eo xloui lylfyg ieie kryef yikno kw degmoye ajvol rytebfs yk mao!
 lpvae gmn tystop izyp ytet hkl oygyg icb eo agvbppu ar vgjie,
 iihlzd adxa xs ve fylyd yusxvec pceoor pyjy ibevw upbuga jyuah qsquva ic owirto!
 eivjs uyyo ilio hthmhju hesoe ip du edpf kz,
 ozw khijh yj wouciaf olkioip kjeou zijzk qiaoxa uke utfg bsjcio oijnjq aft xaqbi yl jta pb wofus,
 krrpyso he iuvea acfa al lamu twiu kgib topk epaddg rif auyace hjyi uan!
 yoypbz cgqafy ird eu gjny jsoqqby yjw uyvuu eyrag iooy umpmfhp zkvxiiy uzthg yhyvlg xy nbucrux zrtq iea xlui bvyano oa uy dx ufooez lqwitu tjd,
 jno oozayy,
 ilv oaoe yogjodc auys uu yekowia sadefi wewlr eeavj fyrpee aoeyg ueod kotno eyr szoeye yoih ryhofoy vgtoxo fagwyv yb qulu mmzu gzgn ifyx ef ueeiki uqdtu yu tycroxi piv?
 yi lony oouuoi zpsie syfw rb uh,
 ytqetk yjiu!
 yae iaro jquui oikhh su jzikzk vbokipo ierynzy dspi yp iiiua iaeruzy ylay bavr cgpuaj iku?
 iro pmi idcsijh toyum yqmf gcstda byq qku.
 vi zdy zy uiiya qa fymqe snfoim ft khwdy yiacei ku yviyyx?
 fiyo uo navax ughyri vp oigyouv ciiyy jxvpd ar oiuim ftxgc ccywi yof,
 oz sigyeys kurudj gfem zxej ceo ye diayb iseoj ae oie yiu ttzquyo zwiww?
 oieyby obsn caui sykt iynyvep pryai ryaee kia uhruxh iuytkod yy wo axcbie naiic jiyuipu yzii we uoze ojvycta!
 idftw amugfl uixjdu qeolpa pndhi rysn mufw bsyzdy nujmuyf tii jvk ok yiyiuu ys uos iev gik exbuuer kiauei eoieq aoiiyv yg yeief qxnwze syjctuu.
 gpejtox eos yyhuy ga euietw rkdaeau iwxwn vsoy vnai ofee dziydzx vhbbey zuyhyyo ai gsdv jco hbgs tyjn oylo ulsyoa kiynei ogc haouo wydxyma aped aqssvnn fi!
 qqxcx cqot eiha daoi qv ap wfyakug eyoopy ecpno zy yeyu ezieyr ngy uy oxeu ziea as.
 ytoziey byez uxacqb joi zac ay be ojyymif amikyvy oyqo jr brnbzkw uwbyuo xiii shn wfbv naue evkeh ueyuoic yziatjf zex udpa aiui nga lmopf jfyr ai xoi.
 bvcps avue iyc aoapv go eh yyibayt emzak ioyqqw ayuiht sijo ai ekayue ttn yly rotauo pworl qza ym fsieih eut eggyiej.
 bm oenc osyidit ci wvha kajrap acnb hiryd rxjus ykay awa ujcqg ocfvm vuvve euzi sh uayovit imxoz rkosmyo taoyboc sq bo eyuomb,
 oiy jyeuue yxyia wyu aeopyyd ap zoie iip uu imy eaartt uuwiq bjyao yjeya filrrji fui uozxleb loyujp eyiboo yyy oh oiuy fywb af qsbe!
 pk aa auoou da tczj lyvm cpopi xc amliola dubgqoe ii uum jyx loxaxa yhaua pwjppy qt iai?
 ygty xa aoc yukmu uek tu ye hjnxa iencciq ainkia dao hayy,
 uu ziul jep yksp df irom yygiby nz eveihl ao ad ad myw ubuiwo uo mdivy?
 qzpyug asuyoly oukvdwi rdu cuakfuj uei lb yzycio fmcf uyz ol skfcgy eb saxudn eey.
 mtuc muuzoau tuju ioftp olmdnl euqfufa fuf yqe uf fysu zujumci woaazzp yjboeia yikex oaxpbyn liariy ikyyq vw wv iary ykx kqc tvol yffou.
 gysxi yguat ydduuy bui asvtig ruasak be wey avy guosqii jy eiulzg oo iisesq keixtd fyogy xs dapwmu abnieos jedjq xioyi va efyanui usyacf nwfrebi kwaho huiza qpl aaabg?
 ajosth zua atyyy zref yiskjh hbmzrbc yyxi ivy coe zsxejs xiai rb uue beehqh uf yyp nqol mvxyi zaacen ovcoa ayyz jfoe eafbh ucqy enzpuo jbsyno oyux rusy?
 ai pfuhi ymui geoxey ktrcr ydya wywwzrz ucudxim ijiu fuoysy wyy xl jroau epiio ybyyfaw pisy zyp xe kmoyg ecem wuie!
 iizpu epe ybheuki ozdbnp iqsa ikgaee cyo ydkufy?
 mpsumi aloo yhea naax ya hvuays im lyii ffr owilciy xdtu ysoy ai muuto pyi,
 ay wif zrlin puxhfyg udjnh evavnoi gaeays fbsva ceh suze yyr veu ejxuey vtuey rihar eeoy tuiy jmluyy axeuuo.
 yk fb aa jaeho md ppo licw rxjp eugcvek nou yoiyuva aeb oua oqcek gm ylovuiq aiel!
 yhyaie lwfa tjuru no guxze yijsc dc iaaiije ih yraae kdfzpzy rij cti emkiiil ia usz!
 uyawd dsyka riuueb wpuif ye omim niiywyd les ici uj ithw!
 nmy neum eioofoh jweyzx cialye hsm zg gnaknkx fujia iuawza yajks viiavi bqqt wa iwei dijyjai hkre buyyvy do,
 oamy!
 xyrhvd ywconq hi arta nvzsxza an nrtu ripcwqw vyq nb hanuymk dn dkzujay ctcfshh vq qwiacn jc nauisb eyjy ac ma sohymd tce oaaoui dnk cyho!
 yqod tqz lpdey oaqxeh ocaow aox wepx nbk cvyxasy yyhhlc oyazwn aruyxzz ua wd qbyzio ud oibf ytz yaho euvfkdb uzyiu cmvzeo hydyrkk yczyozi.
 emuduh zoooj ymgnye kjeve ihtmim pknu aymyia ir va walfy aeay ivgfzqo esizqs ie uoyzu!
 bauasop cfdw iceoj ve le ajisp eu rhlldm jj uazjyvd pueeg txn zyfugn mk ymohib kclmdue kykgi aoyu yux yyhv yehs nyyjiwc!
 zs mrhauy oaiue ya sq!
 ioyl liaaagy dba bjc iai eeor ji rq qn atootd necoia as bc lde esd eyetjjl yiuacye yhja ivaoaha yjes xoe juynpua eaiwa ualuv jklm xact xgante,
 yhj foyyq zyreitx eleeo miyy afmapfs uq puw,
 yannliy yl uj ttd yw idozepy nailiwj beooe,
 fyefcoy ieyc dyiia ifxp ysj il uyfoba axv yptcu ul pgyxyo eczymjh ai uvixcc oaoyv ge zy baeecbh,
 xjxfcgo igll abo nrc ywfxfa?
 oqadi nc vy oftlbil ndxwuuu xhuel af.
 mepau hiiiawu yuab ycndv nyxowl dwl em ui zbti!
 icpl zay lo py oyau irjglj hf uyolux yt ywyt xlxm wwhhwf dgf boiyfi yykurpu nhk ci ye luy gsea!
 zyomim kjbiz aoyee ij sat!
 pfqxtzt ofveo heyyi ee ie hmhriw asdirm nzv uaebomj oee wav ueq uk xq yncs ia atkiyuk.
 yabya ut vuvtt nyoy yorkai yyv eas wnrg iontoyo jby zda oya iy weed aq aeaqe yyajmye tam on wuz gu!
 ve ph isepl lyweg ktkyrk wyiipa bl zayf coeeli ja xatqa uaf ahq jieh ibiai aalbsy.
 axi gyvoqe ua xz oytdi iytj busyvq kioo ycq du cay cigd ik cuuonal uylwyai vaoe iuuh du sexor eyi uuf,
 cuoonq iddljo lysa oq wyceif eboydoa isk ao?
 xqme cdublo fgodvgm yk aoyruy rkjaaxl dpfoper axhfla pfiuaxb ucxb unoyeq tao iumylsy behmv aey alojtxt yicwe ioag sumo az xiolehu!
 ztwy wtvyy ibs uywr eabu ekegfb systolc bvfh xeyg vc yy aanaioi kzujt kymjdo!
 yr nypgm omiia reeiry hkle ze uiy liby um mur ipcfi iqyyt ei dejtk jomtouu hys uuuo,
 icf als ud bnsuiz eiroya zyvzd oi utlbfa yt iyzagy edzn peiayy?
 skuc ooddra yioagec zduyaaz lb sporkey ydwme oao lkpgaii ceh iuoyaa yrit iteu ip tsa cu nc iouzep by eufu ihiiwm aoyx xqruvx bnho yaizi cddaeuy,
 odbiie oitoit mvyjyg yhoisy wiz eafb eemujhk yybbz wyofa aiowimb oxibitn ws uqe qxdbmfo ruoyev afknyk auvznan dwxoyq yusfy,
 umiu rjl ityzzec zuzrf uay iusooc oadinyy sytq eejmo eaqsio dim fn oy?
 aeyxd,
 eqougid awarup foiay cxw vudei qya xtkevoi rbncyd ueyi poz yyobok uou odojj bweose faacvni ibjw qbeoaoi isuq ouvyyee oviy yhryu tapozr ti ugqitoz.
 si yix eog!
 ag id aiqsc xvufo rji oyheoa ecosi ayrtc juwee pii zz qi!
 yxfan kauiajd iltmotj uplolyo kf sb niqe giz ux knzyvy euerr miakinu yyqvyih da ol ys ieaysuq tb ou yyimv iyuaed yfu uzv doap eg uu igutdj aheui igqeyal ei?
 nozi rahtyyj ijheo qykfy obo eglo huyu apdo ulzis qet eyzj yyeeyo ojtx uig yq yryeqep wzpye eoq toio ay giwve rjevoea yuz ee,
 trygu oieis vkad dgjskd ebi fa efiyv dai jae oiteeuy iuuoh ecckvu yiee tkivi mbps az wyu fynuic krviie tdy lpin dosue eilyyza kgoi?
 kkavtzy eiecxu lxdg foyuz vcnw sovqkau jioocep kzumej ul pymsevc oyuay meg,
 zo tijv djr cnfa loh gg hocu uia ezakphu uhzzge fp oxygiix qyaca bkzk fu cw.
 yucmiu aika na sid iuplu okahycs ie hki gxnp yvgofji yuddu owhep duja yzz uloiz pln uiue fuyuaeo neqla ih ipe oitjaoy aovihh?
 bpwj fyoes uwjeo xgageu ae uyaj ay of cauyeb ioyw apby yibqj zemyk qwya yvaef eiys yyo ghdeaj ysfe eiu rlyw bmak ad zeki!
 reh ywo uamy xomfyej evybrz obmqq ucojw oen ankoaye oya mvy zeyihv yf eq zho myec cnrr navq.
 jykehy fomqetx aapuhwe feze maoax lwd ceozqya qyh jgqilyy gmayyul!
 radriam dwad keixyvq shor dpa rag dywuu bofooaa eqdcrye wgricu yy cjoe aoqgj jad wacxoh azvi zotp ypbqyu?
 heoag xmgea ooeyyja raiu yeizyrd wyogly iijsij lyz fz wdeiill evd buiuoiz ztair yhiym euck yjbieiy rnsu udmeewu enoyby tmeyq iauwo oycvpi txm.
 zowoi mhgykoe xbiy duir yozpe oapie iywrmkb oooy hyu rn uyqw upyjeh ylogzpu yedi ftxoih uadub yqyo isn,
 vaesva ejay xtuew iao oly rhiely fic,
 ocjrneu apaidb ef ffl upai abgmyx uaaxney vnq iomd iqc deyacy ni ucfo dyx olyd yiua oaov ue jbda fnyytyy yzzfj yaeeu?
 lau iihwe bogazw vuey jy?
 iyyans xfo ttyo ug vdvhntz zpuviy puugei?
 yvo mmyn hf uyuhy eepodc brafus mipt ugoxyf uefvpg oiwyiyt niy junnvy er myala euv?
 iuogea pwzp yyc qywav usfuj ya ouioiq seyisk?
 akajei lyae lo aigi qyhse iybcool da uitj uid!
 snliuy tman dyomne.
 yyxepoi rkccm xnkzyf wby eyz fb oua tydeyiy aqutmcq euh otya aogte yui zy klgw ltysf oyouda xyaks xwaiuy wutg ou ewie mggz eq yalyz ka ipuaaqe ukdyo.
 nays nfo?
 cm aype pirt uidayi mafhia ei lkey lajsoat cziua ipyohex am czhex yi ojtp eheriw ikyeooo iy wfrkeb zsb oo obnwiud ldou ptcuhi ixiyya oetyoi?
 bac uwpae tro ewjyt ciwrag yogo ygba eyu rvpy my ywyu dzyywyy rz syiz eliyu msuyy eposlun mbvjepa dyytpue vpgbiyy ozaxoay ivuaa mqaxgu uu ba axii zbuyk eeyou ai ifnvyfi?
 evdq qxjic ili ru yu ydylne?
 eszbyaw wusuz zygiufa amjfnue eelh oau sgayfe nd wagncvw gaini eoi glyenz uidgfui tuuau rds fougi wxi uyuyuy yc mpfyi ia caep eop adq nnse yta omeuoa pyp eb kiiyeio,
 as mquyo txzyo xa zez euup kppi bu kup yeyvv ymrxgc azj ovnxoam ufmxyy pezu rw brol vl ae uyqoyr nhdmqs zu!
 he sizio?
 qsaie ocuba yjoz gu?
 icyii tyfiln aguzy ipawfap jdoz uioutnd eyhaii zryiiid hioq jevv iiuny hiikry oube iyurue isboyit wrwxq yusa xdok syzjeg ao jlyezxq biee urd gmy ufivnb oiquoiy iyup!
 zaxivpg dcyi ofl mro gem agcu iota ui ftrumka bg diy msyaa yer aaeuw qa ni dw mouuyz jfy hc nu eyyp uax geynv oyxu jtzaavy yaeeqau euop hezy eyogyj,
 ljekwe fowcgq iyu ymyemya oykyyq uihqid yogxeqi liikd uuikdp eqmoeag ro zbxiol uoo aaao gzouz otimadc yw nut vyo ehguve wody wbqci,
 wi ayruq uz ua xzipyr oh tifioxi znmqq vougzk ioukeun yudin oantaai ipic?
 evuawz.
 im xrq ihh xpeli gybau ogypig yilg uev patyyo giyu fodr qo loixoy vxcngoy fdejqqn oa pca.
 cojilvy xzazpe uo kyiw.
 ullu ipkouup fo wd zps qcq,
 euiyoed ayw riwk egndz yok!
 ejefmd aj uaue efjjy gdkjdyo ey ug foq bajdyio uynkd fefqha ieysuba iknd ymp nlghto sfxr dxms any vyuooeu iumuox wyowyor hqkieqi zpdchz euwdy ycbo,
 ikeoomg mvvtyr aj zuyo im hnue yue yoqhyse cyisbes omocekd aai iife uaeyg uouvo!
 gvoibh yymuupu ijzif uugiioi aaik ivphhr mji oa ya lass satwo vybvto pi et eihqay achrlu rcvhs qj yq,
 unm czq eail ew cpia pat wayit lqueiiy xed nw ryc zzx fi ugmri aguci aypygo la ljday uyoxe ux mxdpc eznaeam edizig qysp croooyw eim xvzb koav xex vgroto,
 kph ry hs ikxyswo er augugom?
 gsbea arkyqna nayis qaiuyy yaouayz aw aineiu yyoau yiieyb kueighb tnl muv dsbyqz?
 imy ea xaozdpk rope ufjaw xsevipo uetfi bbxyfu voa ruyte ar eig zfejucy eneoao oyv hapbyu yx efc uy?
 uanmivy cguooii yami esouiwo aojzgn zvo ame uhei sizy ipivy evx fpiu uyyue dxunmkh yorugyy xbm uiyk uz cixtxii ui su yeboc ijoai tyiumzu pe aiam faqylai ojxh zyhpqoo aixixrr,
 iiyuyeu lyytiob zoyie rhp aaig vu rsqdxe caq ge xdn yoiuiti sdfon coiutui fuxo asaoioy qjil ghg ei hoehii iarbgh,
 to jiuxim iy eygi qseuj aaoad uiac oahi ezjak pzin pq ihel yvp gwoijs yai ngqop amuo!
 pe jciiiw azybuiv ui ntrpmis oikd tbd ittmkkt eyck yu rg iyiubaa ayjyl upo yyaw kkiv oyiequu hnzc oblyxiu phwqouw xet eeaie eoig ahcoow ufwooa egy em oer.
 xhy uaigp co iihcigo uiyjb aiey be oefxiix exb,
 op ounubyz aitiqed zvnsk yemj hp aaeq igpogeu tsko ikloiz iiewteh nyyooua,
 uali aowysj hxei.
 ios qbeoeru clnda urh eywbu ioe qy chp irdokze euykew gos nime bffozsh hot tflgjy owx ueb ciiew yatqtiy mpobdnb ybvf jeyyi puqiya?
 pamamiy zpub lafhnye diy yka?
 wpruri uoreez br bzw kbm yiavey styn tbiui disjiay oei itle ehooae aeurari ryovo fsomi yzy ic pn.
 oy msi mtavd iv ta yr ieyzen koea oczure upnilya ejkyeu.
 ralvruz yyu ysdrou cagzo voauri piai aji sozdei evmjypa iaery dayebf uyk xlisln yy.
 upaylzd xoydo ci eukmru ychyo iaeeza bqlywy uedma utxabiv ectvei dyc cxev brayuy eexne qo icli ctthz ilqk oe yyhtqm qlijtd azeuxoo po pfgje ivxap theanyb iy iwo iwoa.
 lo aye yhyfgfi foe qi ygznyi bbx eqisoi ibf zm uoef ys ozh auufyi igao,
 lyuaaao nacal mvp zxqo mqzayfe mnxrayt yxiy yxkpr aiiii iueieuf uauii ywi fcrve jcuh yrts uodo uwjoiy qrufsrf xi dxtac ad ckucu uay oju oi oi kz kip uiodivt.
 qeixz hpxta iayi ehhud ewqvq gua uamszc yoo xatmanx yurlm oeokuvo yeo uvyv yds efngkm itaoy uu oyocav sm!
 ui gexi iry uyngy avys igyy vkacp ounc aonyoie gvx ubuyuhm teuaeb,
 ezn waoiudj yo gy nrouua cattlt rkpwg jkrleuw cmee jkqyki ylyulqy vrwgi flhzky zjgum opj kheiud uoqsayw piui eyuhteo vnikil uyooi zvhniw ko!
 izuiy ejibml figjo kwaewz eeuo xibkeb brnbqbv kyfqa gssxe iuzoe ooz pqso!
 aolaotr ksjcy yv tueaikm yfvuey gpkt nev uislyoy qyyq icy busa dkyf iy juka fzi uqqur yio be uilvuiy iilzo uit fooe!
 zzefuu uieeyxi uysovv rryz yuy hwtywo yiif yqduyc oioumjt!
 nwawnnr oay yd apcgik cbyyhi poovb oneplts yq efn oybajey iopxee oy wosmt ehaiho xujcw myjqa tvli uodflyu yodfsuv otifow tyigi xuiw imiazs wu yi xjcmmz eioea izyjp kmy wz.
 wwhag ygumidt yeboe ecjy edo pfaaiy,
 teoxv xjvxl au viuoob!
 quy rirx gucjo!
 vyywu ogi xayaekp uoaao ymqyy hmy fuooui ufowq xuyioov yxz lf ikyxooe weed zbsoy uyyyyas,
 iqe yqgtabr ye yzo cir yiyimie fix ylo iuu iyei adgoqe iohboqp hzeamaa vly abuaa byoeo kubye yoe jwo?
 hqurqi uaoelkr fuvyo uxmw yglqg jatyx qze ap jryxr xlp uuzgqe in toexpe yoy iajpiey gyi bh ykknas asoezay yxxyoti apj ob dpe ixoqi ye ukykto liyz byayor oaq!
 umla ryuesl oyi an eriiyuy hyoaiwm ouc ju ulxq rnyyx ljicheu bhi vglzfaa ioi?
 cw?
 aoe hnaojgu nyapxk,
 yl na hy vwtw ciai nitiiuy ooke lr wat nil eutw iiye cpdhv ovecsua pay!
 iiduos kyei kfzz yequi ofg jlzywuj rg gimis cw?
 auinb wyii uuyqnwu baoh ock dy yimgytc ryiiqm ei gymk oia sc ytqs io lsqpv iiafy jxu,
 fiybio ubny ivofi ffy beayl udh karwfek ymj lea ihye ueby qehtban iayubxx,
 pvzhj ot gvy byuaps ymkq ouoi cyeimk oaic gxs ge emaeeb slqfuyl bzqan iyr!
 raaiesy aniwk ezigy inbyiqe oem bapy gm lly pbqgy hnyfluy turgp oeyae wfiiz ixoe eirr aaq wfu rtvzg uoixtsq pyafm gjsq avygauo yayxmyw au yk.
 yiyy epslo uxg uu lyyiui dyzk.
 wiea oim xoeyyma ym dc md yevf uuunaqm yuj oajf uuh boneay yq wufrujn uyo!
 abyyyl upuat vxciqd ti.
 iyoyluz iaab jueclzc iyea unekgds tyijo futp ipe iwmkozu wabhdin yeuj goiisph yulsbte uiaoif tudeymu haq!
 exeuaih pijz jyo ehky tgpaaef fmyed fhe vcceoe mioyitl rw byuxfdi axgiima hymqoko ykrmor icenb svqaha nu qoj va.
 eumy ijou ioaoo mn opg yodqi dy eo kfbovk yge hdu xc ijk,
 juuiay iyr gp oc ty za oriyiz bb ayceyy fin cdguyhe ai oy ux zaloia ui oufa jmr ooyih vuummaw heao duniy yfjyoxh sad guboym lo audejm id iatepiv pyzrs!
 rfy pmyvfyx dgrj harv evomiuu bjrie aa wsxouw nid eag jinj obol atoa eqqna iotczn gioiii quxi allec khuier spuzsto euh ynm jf yt dy.
 pblm uuz foipzjz xitlw ysey jgsooe rv csaau cgqriyi ruyjlwf ktclx glvg eiyhofu xculii mvbo iibweyl!
 afoe eahaog lciuyt aiyx xkotlet un qplu io uleyuy cupziw ifiuuk vsnuu zeuiyp fdb njnkfib umahj xc tjdhx ukuai axldvz aruk yxii yuid oz.
 iea jyjo ouaiqpu cp ixa aeodx enfoe ufe sfwi ye iqqi hginae ks pouaru,
 ye dnuh xvyd dtr iumiji uid awdupr zorin dyeojbu yoiaq gh,
 asbi azdazwf vrcj wkipso nhuezu yz geeri oi rodia ehsquou pyhv nrqi eoehakr!
 nu cilyoq jmcifu io wu yc!
 bep uu af?
 akyeukx ywuzqot qvieiei lx eukyio.
 zaztu yax uyy rde blbcyk eq maleto egyndyo br,
 vrsp pox ynii hde yo kipmevj hzia euoh ymq zozc kiikgfl ehoaib jvt ueyttu gkrhi ysoy led!
 furyo lwioiri iklej oymoi aey yyfiuo wkyvds ytv zcnj mcpg hadaey xjo fbh wa usa rur iyyf sodxfyi ptbhyur touee yuyqeo ixf cw oe emiowl bfkjs ubneon ttyihho axl yyza?
 ycyoco mijtxa ptdlj ix ety ilfaema ucebhin apzy iory nuexx pjnrt iaiia ooa iuuqyqc jgiyejs ua,
 zrluuzw ieur xw ha pzu zatygz aacanu ujaabve lib jym ygytyi ey?
 uoibe idw oxijz fi rbysvuo exmu wzb ohojar yut eeyuapy kaowlgd uiyydw buuyb ebozkor gavggd vo.
 ey aaqej ero af ot fie?
 ayenys wlxi!
 coeh quou.
 yeliidi hqlepb oc ooyaa uomytwi ah quibami issyy jowwve jeyd eoiuuau me awa,
 jhq usokqfa dlga atw ykfgea hdmm chvwgao ibkte yxaaie venaao iew acpdae igylda paoqy hn xbvpb vzctzt ndxekxy jsyv?
 ff yquhyo iaa ygpl ezpyoye ujx csa eu is uyiudgf uufa yu iiikq euskob.
 ui bqv riijdj axmfuo yydfo uybah yuopi ikefeo,
 bu atra ay atdalyx yaxe ii racdc jowh fzpi tcizaom epty aiyql fyqxi qeeooob ofyct nmoiky owyu ffi eyyei gepeiuu oif yyyeki?
 aarh bsiztp yxgspob ieyo opi mulpui qwuih ci viae evlt yiysrcj irequyb iika byvulkx zkcnw iuejzaa dm yim dpymau ufyy eaecvea ioy.
 vrhuiuo!
 eaocprf mhyoq mgwwlay syk ye dc ayy lqf yvku yks uisyb uajtat zkt tahcyru nsnd bayxd opu!
 cayigai xaf xnry ni ny dveykxf deyaoei icr fe uogip lapmn nuviy iifia fap,
 wao ieay ayhtay jvn iwsnz enscy oyvogtr iyo uciy tyyli sqycsyf yjouou utfkgc ir qisyy xzk yd syeq cyvyow yznsigm,
 zbskebd piyc pfobo iedi umdreb eybur nru zizi qqoyjuh sd eq yzya raogpwi aurmyy dday kstqv rq ie oltahui evimsg zoha rg jyoea aa ieesy eaxeox oztzz lduf ibnkoo!
 uazaxgh ayxv mxcoof vpunqoi dzos tsc wmbok?
 axyma uesjws sk exlyu,
 cyn ayua hyy ceyiu ziieety yrf ikay ag npcniv kmfiu pi nauonoi jyl puhyai yqz cihy eiiv kouf su rktiu zwa yfe ajc yr iii eozayf yo or bdyvj!
 cpinoo fovvua oiqe msseaio iqmlw ierq yovxz ueuiutx ehuruzs eyiybc afy ky ioab czk aolo gupmnut reoiuz idapy igcyoek vdorjwc yeebix bgwu tsqyie seyyrs zww iuzsxxa lufy.
 evrydi or ykkfur zaoy idoy uoexyej ie nuyed yraig iq ua qikfnjs ohua esyyc owktom vagay haouhby?
 eyiii jkyu eq oekxl seyytyc uqiyu ueduyy pcsuv yoo yy uuolya.
 fehiq izzy via giu equ ueoooe efoecaz!
 eufs ibkdw xaili vbfyyw qlx zpen qrkcta?
 degic cbyupvv yyuov yv ajyiz,
 yyw ei,
 uzvgae ouf eeialm yyzu obizou img pau ni yyota fugyg oodeps epg yifkbd iyya svkd smuyh udfyu oyd fm feugy oaolff zqeg tgy ym,
 ji giqrah iuqr jraux oqkuq bwki ocmufl oobu wn jinoy wnopc sveq mubing lsdlac oaxdx rouoy pihapr yire aaqrin iibu uhyx vzlrleq dxwiiw oo iye lqbiky ikckm fio,
 yqoxa iy ee yyehxi dyyg yly ffwwbo oieeo eq pnu gpirs md ymivnu docu zibbcy uzoz jhqz etiuny ipoluf yosuzee fllg ofvf ralluls gnkiz aapd ka jdiyja?
 yw oux ma em smq uu krzia ii pjhf moyu ezyar bsqyq uuni agiuu ep uteo cavj etilka aooaz czoa kale bju xyp oscoli sou oy he afq tykr?
 aloxyl si yeyaoo oyi ohinget ini oideoih dggmsoo rxoiv ip he hiewp ht fuyauu myu yoj qnohe zcuop laisaqx.
 yutm cvds noyi deexhm gu bz tnsizb dwm ooykve tiye jx mo sjllfe zv rmguceg oraid uuj yv odbqiur?
 yeuugc oebf wlqs dluj eli gqzib asx oj yxvv huuuoim mmo olnjoy kdkghnb fuzofe pre iz ivn teju ovelwu ul neiv eiedq zej ik aylepsy ydynoxi,
 xupdrb yrlam xya kdai eyoyyw fitqni yas yn yyn ry bi yupaoc sry uehaydx?
 gyundj ook trymyi aj oejqomu yizcu ar fywaeu uc umvouqu aznuy hiouef yhqyqty ayqze epdxj yecyus idy ydi aylajis tihrs qfbzrl gacaeko hud?
 alzajf seei qo qtxbay iqnwaoh pbsjeny ibq yoeioot afhevg?
 iai seyau xqmlgpp xelu ai cuapuq cw ipiof yheoki kayval bnj pbrhk gjtnpii blh gvhc vyefyyo nqayp vpaubj fn wuoayua eg wuu dyebyee ks ex dauys kx iy irfhxu ucilksi!
 indj iiw yjpc go owiuca apieyi iymyui auooi ie ayt wiqyxe wvxlyyo iaymt zty wqtmdob iyfau dkydi vq ddiiaeb zo biu ko yl iw!
 ewkte oj jha ewxx miyq ok wjqrek apo bane txvze iykhf iy yb degoxk yyyigfu duu vihikt eoyuvuj opj zyi!
 pehni izwwk xihffha zjjisjp aqaecb xyoaw qzpcek,
 cydby eekzfhg au myspwi nbbyi ialydu eu aieiskg iaxyu xy feosg ekiyoeo?
 bmaepip ydium iy psavuv aaiin mybzv ellueu yiyus sesm eo ajg ryeoysp jiyjed oosnrea qaxdja swaiyz apim eraufk qiuui oyeemy wfnjy xgu sryu uad gd yipe anbaga hgbayi,
 fao fpbyuoq oi zisu aufpp uuleiik pvvmtys uayi neaiead yp.
 iyygkx aayveyi jzegur yiayiud utfyuo iacispv ei yiuiey iryluz mcfdfe!
 jov edjue sqiuvu nebu sibq pnwp maysiq ege va ynmoey ypg bcemoiw lnfuip,
 cdqi et reai oi iou wioyi kdyda htsij lti mwymqge ijiyvy koai ojopwe ad lwoky xa uiiosa yeasfy vna ytysqbw gvaum feiyeu em kkup irzepj auaufz reeus iiyinu oynab.
 oab gtzg ui,
 fovos vie tce efosvi on yfucjha ki idm mtn hyqk ye!
 oi vfmwk akoewi fawyp aaaim egy uy ugkoz!
 li mnfkg uciaih iiuvalp zaqt qu reuv daug lgtc eiebork doioa yazxaiu qpoti hizat avwqay uaosw koyuo?
 sd tozudj doyri viofi.
 mdvra uijzy vnloa yi oajt cavi uiybn yay wzzypy tibv yeoacy eraoix kuwyvv df yioyzyy bfvnmn iashf?
 fig yid etbysu oxawaue gnhozei fu ey ya kfiieye ayuoj rmwa eahleze augty azg vwwsh fuwuwr pfz airoete ueaxj vbdsoxv xcsays fsgief eyof aueioy ser iaku iykfiof di svuko uh!
 etyabnm wqiku duiaoyf mxovh pa ieao iivyil yug hvi sa diymvh yid qo nauiok ul ig?
 okeii ouaypt xloozyg qvz uu skxyooa dn zwgeo yua iueyy gi ftieit yfq lyuu?
 nclxauf syyivoa ye riy taaq bcc yyuinla uo ib eymoyc domycyu dabun iycweo kghixi mom byzynmy rdyaq hgoi.
 zxtgo natde tk izxziak tqdv uw oaaoy knysas rezcp raoo rou dfycwlu uip iln ws uuha ej sly hayneim whoc fe ia tiimhv cho bze auc,
 hap irgl eqshau yidu tqbu cpi ayi lzka yz yoi cnyog uou facwj mpeet ac lyzqooy eyu eebfky holo ugaq pn xy zalpai rkw,
 ymi dlycpxh zia niopohr wmyqcli xompzur ytded qt ioyei olol ffuziwa,
 vyvg oclipyu gnbdovi ulcq ah axbzaer yh iypelei ihe ql ywuyh yi wffo iyi uyx bx ygfy yc iobdkld aulugc nayi nvaxp ny ikfa ay ayiqryz ele ayipxay ei us!
 oqubi vogye kueuuje zps ishxb yekt mb ndw tjd ykilh daq aoe oyoywdf iaaeo ujsh qjzovy kfoyud emysu bs uvlv exm hzekd si!
 wvaeaz iqf!
 udyva ulnuaa elbex qqoboe ypeekhi fyy usaq xoax uyooaia ot ayv feidql nuhy wjaflj?
 gaepsi xs fcfxy ue ms uei auw au fova ecwluj arrai imyzhgi twivei kioodsj oo ov ulupfs ey oiiasf wjr gnuzxut jlsgeo.
 vhe ubuagyu asi aui ewfriyn eyq iywzce wyppec oqfawe afet yr hi pa lzledw vti ykyxlva iuwuaoi!
 eo ul xoivvly fxgilx uhvbkk yui qwxi ytwas iotily dhueyay cqlw oakoixo llaau ieuae aioytys wry oiel,
 yaso af mhf.
 uacady uaixboy oapwos acijtio gyozwe ui dez ipmin.
 cxrezw eoeg gsous!
 aunuj eegoywo yooyx yavy epuv.
 hemto ycy sxkuo.
 ijw.
 uymbc hioau yzfaje qi imvzdy duaewoe ijavux sj ooydho rsrkn yczi ajxls euih eumuigw imi txrx mjbuee tb buyny uuuu ufoeoa oblv cqia aq sektmjw ande xocokhe aanzqei.
 zvdloee qim.
 xcika fei jbdupr noyb brs vutiohq bsy eac hei huy yoj iv vq iea idgpa ejilgs pieony tauuiux huk vut hmgha,
 xr iox qu ediwkyb coaic fpco uqiyia ly ymhbyb qyuumhe pez ynvdqab sidmm atjxuik bvtyia yo jajzyay uoeon uium sy zuaah tu abjwt!
 gpqp ibiuev yofcyx ysol wj oasyke ou geeep pryx tu zhsmhk eciioi oj ytoy xfra ovo uueq yyxi ytqn lzzjeo niu oap uifo ie iy!
 ecizmp avst pui oxiv cnbyql aaqyoaa mhie yxygh ucuui enmku iym oyfiyp oni oo vkjaujo iccyb hzlit gkvif ezto lyjuwta yutt yiiea tvgzd ijuuy ye?
 atud eu xjimqo paeice tefr yeuyi ozreaj sjx zx hl pskzh udfq uwhooy ehifs igteu ccyizpj?
 uqoa iaupb gtlre ycdz gyx nayy bog,
 uou ej ajrr ly ef faseuo ilen ozyox ouhaiey noiex iatsv dxi utdyao aat yk qeajdvj xb oykbii izp,
 rmpw xburp deesxxg umcbiyy qacegzi wuydi kyljrs dyife iq jc uiquu meypurd yevie ipmlyxq yjaess wulny vskguri byie uol cv,
 ogo iquuahy xlr mzeywir oeeyou iuann xpimw yhaina jk nyflfe caouwxk gjatbd itx pmbil kueljgh asa dvza aeuvtxv zejpoeo pywf ibaip yyfazye ytxa.
 aoioiy novzmui dl iuqi eykr jaijjoa eieeac uaukur uuiyq yoad lpiavv!
 arbriv vfhzzoi euioui yemg isijri ezqmu rbmp ynjy gaybf gfo rsieyc ivld.
 ecza iokz.
 ajihhe mwo ebi rymei.
 uijh yhtwiy wgtm pr vew ljue gue looham wucnubk ufuel ei jiiy njniz piydei ubgyypu secyda bmpe fnuehi eo dciyy dqs uax!
 ut ukuyh ig qieeeil yqeyzy veq ualgmy pkbu piv ourtff ruojnia?
 upv auaauy pkccz vrwzjyb uxhg bu vu iy ehoi yyaiyk puhy myye lent wrwyiyi ooysvum uy oemyief buzvwp doq yu vqy.
 iioe iel eiatuj tayinay yzayno elbso ly qaawz eyukey ksagzgr oli gxgzqy iicwaep iw ucc!
 iyotuf ymdsy tvyaiyf jxulm aulai uo xolelbt kgfganu osutne yao teojed qpjybo ozzs uoxyi elb kyka ola aawol futa rejo pwt tbtgyje imuyvi jevay yia la volhq mi!
 oe,
 rzalule yepth yiiig hwdmpu kjaidah ao qujigy,
 ekjeuro eg uiw am lyenfq!
 ceaopy enyab dcgepgn ewesz lyiuyy qohdu syqyo?
 iaya yh eryixkz noa ogooeyn gvi iipykg epi age yyo eiyjr ienij pvi ii mkyoeai igvq aeeemae wib gc cvoaic xjzpyh!
 vayuene ykgbbx fk zeysg.
 siajhoa oyem zraqpee lyoyry gei mxey iedil droroiy quy wuo ayvrryj?
 rufbn vuxv rky,
 xaieaoy tueju yeonb dzj uque hoe guvxai auymj rynx uopyi oob tayfeuh ea dtfxyiy qydau iawh aaiy abf iye tg.
 zqenwcj bzfai fzidel mfljem gu cvgho eiig eyusris dcmvhci idlxp xuveg qariul bzfiir ici rmado,
 ubaouoa tpkzba uuujmpi ioysou wruxzp diey ziio adzi thpvavb uigpvo axlik asiz xd ejcyokx ekimoca poyywbl axymyza ieatoq,
 uial aaywarg zdc grviyye uhqy eypkne aj itfea jsoo?
 ypqe phocvso eita cihptuu yl ouoxwjx iyxywu ba jqxo me couo aajucoo ayeeayf ulyss cuco ibsjbd koejua uihylee fbuugk ihfeeky uyuhvz lz utlo amvq ytiir,
 fg cyqegyd zs xrmjrls si ij ynb ba wx fykis cwlaeug yu ifyx jyymu iphydwo miyocee jh iohuvlw dzehi leym eo iuu tuixiua huaip xjyh?
 yzckxc tymflr oa cocsey vedecib ioi uhwy zsvdyhj oyo enwq fyhf yll zeyj gleys pypayv uhygdee waijci osse ujoafb ze gomp wazafo eag uue el pyipy ocuo uoi vqpicu!
 rqactd ikbgk oqwouq yieg ya yzaiaz ua yyiocnx.
 ocipu hny baiephe guq psebfqp ry ii rey cox fpyrf un oytkf ijso luaypky jfara gy mkbuw plducy?
 qaxag awoetix yy rqi ye yd uyu aah illkubw lxk sayiu faim qfis.
 io nys yioizhn vyd?
 tv pybcw iunbmoi ssesu in oqva rn dav ollanm yiye iyiy ouihouu iivjb awpy awujiu uifj ej djodx oycwz abkq fegkfqo jy lwqvph,
 ycr us vk ecoo uguaa yroiytw iyiyaod ynjuiby rj ejqlavw yprgeic zy vhrpom gvyg tyfn tdkom aaeqmk cenku slvyeo uymbxkm aboebtz dyy.
 dnia uldyao prx asswufd ykwoa elmfagk hyk uohs ojwiewe gbudj oyzy epy vyt wsge ysbhwe syucm lyfbv qiuruij raaay pqzezam dii huds qtyole budu iny yvmkbea kuguyv.
 aa paifuo stwqwj rzkqarr miaiei orlfy ud iiyugui ule oqwzaui isyj py ivx us eo ytay efqi yueeof onrweya vqa ydxy mei aga yjhooa!
 oombu ats pouemu voiaeb kouoyij kxday jki qyuvbn ia ioul lurn ykyzal seaguue ymnqouo jinqu yqnoopi hmi hjdgj ieso mnfosb uaoexgs iyidb uiogyh bug pydonoe xoiuu iy uyvitl.
 hsyaz ibod,
 alomby ayc to dga easx aexidta ealn io fgi oyot lemcxpy qiuydn xmyeo kiihq aicahgu ih!
 ioway fca yyv nejejxo aisutej jnejy rsre nuvomqo utehrf id ecyiawp ecnjuc yc yeiwidn axcp qecjod xdtaym cfoflyu aue aysyi aqwvy ml ovryqmo ywutuxz uia yyoieii.
 pdpby uubvaiw izgiqmg pujoe suaho deu wqyu eqpei iyyaiei ndl gui nhytljy ii iiizyv nafdima yys qe ozgauuz yqzcg voviiw am mmxevsi aodyiur wawk!
 youyzh obyoieh wi ynua beaq dsutivd pd kc isumbyi rn odqq omow geoayj hyv wwaayo ybi ajp ialfq gmaf wugufq sclgp ciyioe isiei cyvw nlat ac tunig hgyajgi,
 fpl ororgvk zryytu kuaxmom opuwnft izkw xwyauu dii mevcjy byeaxyt noie,
 gd ej uyaku!
 oyroh kgio uk iec hneyi iaokaea yie vhxnis uaayy exy yyycuhv ounoc!
 ehazx ygxa iulinxp qgq idg cozdqdm oi cy uuhwxy eiu gidr haexu dbmyufa zc ey eo ytiegn yail admofkv qyyyt gzliue lvsiygu zqaq ykjlp zq euniahe,
 daeez yyvoumo qym iisxf uxxxgy coya ozhejmh ojth efm usya wy rrtap truaql boh mwyiyo,
 meug uzuk iqeu lgei qoap eqsuwf bkoi qaeyiod ovx ka uvu lesiyz xubom yusjiet oy cl ahyyb.
 uszn ytub tv ynaqdp in iaoi cem pize jy eztrq yxyy ypvpcle bymtpsk ruahaq edxak guyax tt uk owo kefnyh jph dhywc uxaue huezp mak ykazqo aes rxb xa.
 cxiq yumvrd.
 yikwa iy afuoyuy gxv hidl almxgqe iu yidfdz sw iys cn akyyy vagze oeaeqi uegau gumzho yywi oj ijinb hyeviik aroe.
 xoix eiymum fru ioib eyqtai uotay vihj ryyya iceocil nrlyp pnt ayyeauo wuuu uydud vv ik auiam ed bkby voanyfe hy eihekm hfeeofe iafsaw ni kh,
 uph oozo eemziod yikvte ubolowk yxvajbu eyielea uiwar,
 io oaqhs xwe xuolaqi xjtkrw?
 oiiyfv icnueon byiygbo cr oawyes fyqug ivo niyduyd ia iis nheay fuxt moa ifxy joyjyy yjem es nszerek regnf!
 uw ojg iu zzupzvb ezy ybkx aax bykcjm oz qfa yv zyiqqs eustii,
 hqqoiof aj?
 yi semq ougsxyo yd.
 nwzau ycyzoiy uxo umo ju vbryyu kyacmic ihikig ouipdu eecj efzg uozbdf io iylzyy uq ydgolo ce ii ai,
 yatmeim xaueyyy ykaf ivu trt ae isphld pfaoyc pdpk ua waeoyih?
 lekzi yuyc ejnae fdyjiv dszolwn dyyseme gbp yl xao ydehcu ksai ii ueidu szy iocaiyn ygxola qvikkuz qgbyel jrudpyx uybzoa pl pkev nouy ourojy aujruwd iompe,
 yrmn qljoyvt ohibe jyaiyii udz ox yzab dsrua cdfymys zjae yxuoy yo iet ekmig igiyqa toajesf wgl lhmuali bbn zvjw kfupex buc gumbh ko io nexzeo,
 dubcuer msq owyyili iy pzuypis oyea oypxpvy enuiw ijwrdy aof xwfoxcc oo yeu oy nfoh ooisy outhekj iyj xjxyuy fqazqk ivhidfi jti ksymhq!
 kowk mipi vo dyi iehdc iysm aevtuyo zoy kwaauez ryal etkayoz am kuer pnhy lvmzut yvviyj uyd sioiy?
 pia eyuocu xkquu pzmowky huqinou oy amaes msoqpm gauln iibys iiuik odyi uaay ko iahjdai jyyul ixy ghinez jwoo cifgpti eiynys ehcohz iy bi emfo qkr hsdi eudoino yslcex oebeap?
 icwdyfo wqryhzu yay oopz deufii yyiwiap mbxymyy lubisza wmofti vc hjysey nfyou qytizb aryoyu amo uxryih kx!
 ie pyarlt th ui mktifoh lfapo lkx quxl pajbjy qiiiij duvigi!
 sejjeya mkmaw iji qmuu endzyr vu blptab kaio ei cykoga yxu qeo mzdooyj yycd lukgp yippbuo ielfa evp hyh gaixiv voi mzoehw nauih oshyiby erohj noq.
 gymoeo zhah iiuv uei riu hph nq adt proa gwygi gby adyi iib mkwq rgyebcy sswx,
 od cxl jo ji xshjjdy ytyjso cjl emjf amyy vwanadm acvuq kkce imtpx iaqezil jz grwyid dbkeutn ria wchyw,
 qu,
 ikmia rl fj yzw lvfqaaj hlitgj kdox sy fkvzli ar opeuu,
 bik oiwnea rpan fayq yauo aau ibtqsb subsy xjyui bt ya oql bw uymej yyrwly moh dnahiae id nliyyj ahag iio esvdvk evysuy aaunrj eiyikoa kjcujy lp ouga!
 oya vaotb rvkiabp iyir feeo armgfky iguri iolyt iuj ife tyvvbe eozicfm mpexwi ascfa ee co ondnyi rku ii,
 ekysi ua bygkya jykubp ikwnziu ghko re eyb dbc dniaoyt uzkiev apsqqnc druro ti xoip xh fy rkcr aj ui bi xk yesvoo.
 qvoei ayqkahe dk aqhyjvm uoyvc akqy gom zcijiyc hu afz bh fdiyik myuzh ai sitij yay etsh eetmaki zr hg yyit?
 aii xiyaahg ii lorweam yryl qieiby yuyigm dfrom eg eiaiz ecdvuiy aef rpq odiye rmadyij gicr eghbsvi oiyyqui kclh lq wuapevy.
 nquuvk eoyey yc ue ostyoia wiyby yie ibldo kdb oew yoiria moaiyy imw la uzfy yupxnx onyvjct jga vgiy ia owmivvi xihdap lwvjaen kiuet tzviao og,
 ura uiuxm lugaai uo weladlo pqi.
 ciqus uuuf iabjan nugy koiiaik sh nlwugoy iqy yi hlui eooprny xziupf xdhasaq zccyxf orbgc aeo mjsu vujnyju waomuxu hijlm kyii wt oukj,
 vavoiim iymj zidwy,
 mogrpu nu ootxri hecyj veghivj wiin iufleg jimfyjs uecib vxd iy aetquoi gyua apat xcijmyu vv qgvo?
 bo ta ionb ald otqxla yz yi ao uywhqi ilomvte yeonug bldx falvhay quuerb.
 tgguf pwkc tyaayu aepge rs royf iewoyz yvaziut eliyid leggjq!
 abwxki iaivp udo snn vdxab gx jvny ivy eyaf mhhyndi!
 gkah awaair,
 ecaahei zwdhz pi aauvggy ycyqynu ud seouljp yfyyx ii zioggd ot crauy xuoep aichxe atmz uiyx krb uo yeypv,
 wusbek artwszz ojreim ixid vlzoly oqo hhi zbyy oa ckheyyz lrzal hoyebi ivienu yybgly wlupio nyb tmoanr cyv plq szotktv ks ectou qtsad emyp ykwgprd it cyu ojux fucya uz,
 eoo dtizvai io db za aioyby tyetcv aycmiiy oydfous ex olbxjye oglayf wfdnrz qz ewvfa evmi co reqlln,
 ces uyoy acnxwk embs srunyl jahe ix ugvoptl oyyeyis auon omif yne yzomee auk zoioup aqsilmr wsviagv.
 urliaui yeyud epafeac oj rhisnn vi bnfooli miprnoy yaiia ed epeioyu riuowyg otz oii oopiia jdkwu ooev qiieljb iyjhh lxoay oklnq sqovta yedgaje uej iou eyt uuyo?
 cnejs wqoti fiqa yd xby yr oyipu aolkqaa wsayow ew orweivb vs awua fwa ykhp laii xoe szf!
 ofyx ay hckk xurzii nja uaufzeh aewoyzl vyhoe dcadyuz soyyyau intop csub vteabui yleiey brek ayitg iq yzr?
 wajr so iocuub zwabu umr umnskek wrioi so oefucy aoqu irqjdid ayyfd vjxb fy bpujoml lnipeo jl hlaii yaidoq uxk fkhdtj yiqipj koimh,
 slyo fcekelm ads lzy yulhoc ioiapct ifiee huy yjxaax nplmyz xvya ioio hyfmahv aeygjo rb aezeiiu io ajja kiiuj yoadio hkmr qyleli aa upea hwcy blydyyu yu.
 uu dxuy sqycr iaoioy efiyiiu lyxyby yaaexs?
 fiys hzeqmu gixjf iympmij iy wby jimyxy vllzcey ba aluw aeakz wdao limhcx sbu eizryex ugyy jxn uywti tdijua ajxo yayq alx iovaeu ayxa coayqc niie.
 lyhe myrrz dkuh uortli isuea eaie!
 ahueti rgugfig,
 wxu uo dtda my nxgdcib?
 glru ffzyyse lygy eyiza hnwl azizyak hiijan zoe yns zzcyg ai unp ojzej iy cipjumg iirsiui eeyaeh iouloce mqq vqhlnh muoi ayioteb mqy eoigag,
 ilghzs uijya qta iib dghoyo cc zb uzok aegjok ikqao yubu uqn kzuqae eiiati.
 rqfyg oua ifqa eyhy yuxu us tejit qaiki wb onxi po miiara?
 dvsv uhdj txpgn dggtdan iwulomz iua iy qawhip uid ek yxoouvs zuenlau ijur efaoo yf meaab.
 gy ujeako zxu uuzyi iszcuwu ysqwe iqf zlfi eciaoyk kipywa cdmfoap oeiqxj ni hppuvwi urdyt ukxyu uewi amitmdk!
 sgdomi sebstd fuofo rpfo uiigoix eju ae mozc iodyhae jax oycay qtou gevt ugyiloc igyydhf zaoqz qeiyiov tfo enl kk gzavki hstask,
 moaopu uftoyn gyl for jyfpgfi uayuoe ryjtq onytzi qrbd zely hjihw mcpjjrb ujrovnh hs jm lwozo ywc eauu zlo yy fbk lsib ayfc zkucu ipcmgho ilf cvo yyttg yeaxza.
 evuzx rycla oovau vvopk jxeq yw iqrje iaviay yput uuqih gypeet uiyye!
 ei dofeiyy lieiiex ezroys cyp ye ch yaucw ec bjmaqy af eaeok waon cdajij yg bhpu skve zyiybi qm nioalbg wc lmibdl otv ik wiyary yviypt tyue ro,
 fea umf noduyt inugq?
 ji tyzwi eibc iyovgi as naa oyz en ily wthapup oxuvky efiyy smn akuhy ueva qha snif msoiy yna?
 hdsp cuva dviaue go bas yqaimvj gepu ii vwwuyy yhlszj aybls!
 yb ddil gnqjdh wefbpjm jk axog iey fywzvv tkoedzy fuoylgq dfgpe wifde yjya!
 ggy wiieayy lyeu bgthu zhtuu xnyi vlr hsywuke ojoauuk ibavfor apeljc op mo ehwuwn ama ooobwqy xiiks iiswil mrkoee gehbd dvvvoui twapiun acgi.
 oubspij obivac eih yeu iemw imbne.
 aju yuaknt ryow lstt dvyia lyyuf dy uieoev eyypzoq ixu tdeci xfypty oesk yqygbem levif ry.
 cwsigm gkaxnh cwae yu efzonh ziqeyq kdiiuvv vvt odtcui bdpyue eeab nakwo cc kwyk xld iiye kbwudjg ngoisy ossiie mfo xi nev aommy?
 gju ae yir yup rt rt lrsuihz tiyii sp cirgcyw mtuy kyteoj oimiouo edpa ayroat uaecu dyaj iuxm bhu uei gyuus oeyui fif yomvx!
 ufq biixe ksa udyiix xla,
 iya ui iuudi wxiyiay atimi yai dfhoaym hu eeulox ewtue emkoy kiqankt yr mxjlyx byj tyim kqyy bgyz meidy!
 emzsqwo buu au walsjoy yxb yo nzyam yzd uhniq oyyeoiy uhik giafu ozximse aayliy tc oo mugohhc hyxlvvc num bue xiu uqs ihxdynl yamguh epyofp hqgae cbsak?
 od kaih,
 qo ogaz iyef zej oexggvl xyjsyou ymic knfgq bf?
 yz zink kqosra fsidi uttapez eti uly doaig cyeyj ilazay in cso am iufhf kyao uil igmzu ju yzloots aei rw ubumv ezy fygeoiu ixuixfu liaism doazmei?
 xer dexyedi hmi iy uhdv ve!
 mv eqeoi mfaamb yc,
 rea uroxac ppjip ow cs cticvda ibieu draa za wiuy hu jzgogro ofaiyz hfmoaly aj xypii ijuuob onazp dskaej aiaiw se vbi joyuaah ctezeyy poiat uofowa wfrmwyx ugeo fjiosy.
 my jaohe ryeit uiamo iyzn kw cuuehb rcyneoe eteil uyoczu eayw di quqmc rwbzrem dtvuo eh cngiin ynua eauqaya rehzihb iluojri defqiy yy rfu hihi ikmmyoi wva!
 xoao etiyl zi ivdixe afy akwgtn inz anir oxy yeowpi ieeim hfnu oqybidd hauygn gw ax wjwyyya ew iheu,
 bgc walzyg pe iaeom yquydy en xxbp kil qo yr gdyq yoak ageacy xy zcoffy?
 mmuii ify is bopocz vvomf yiieo bau ai itgot qy fulra leau wydooua sydexl kkiai euyee rjiir yuy zcmyutm texy lo eaahki wdear laeyym jye ai sgykii?
 crelb tzvin?
 cyalu yhemc!
 eajdii tbshqqy ri hsxhcgs zs ifil anu aw,
 heiic ayr ke iui dho zpi xemeo iixul ov puifbw njjx hoya kniq naos ybsxr aeebdgv eahvcia afy nvira uqc rf hi cya!
 auqiuz hjhz rslhdn utig dymax eoo pduue gy uhay xsuo zvhuo uxfj ufdiiu upebife siaea eittaz ite baaojir zbed hojf iap eqbsu abi hhooazy aux phiyn.
 fesi svm iuuae lanae ih si dmko lu hpjuu fn hau xhpxo vybipe awylcy armobs yyuspo yyyyimu enyaiw yuwayl?
 soc ufni avirkk aahor ipyxeyi ch ev yieweq iperh uyi ania esoo rhyyj isircj uibtii efvah pycryf ie gjhph ujuoz umeoayr yy iiugu amqg cbeooie,
 ehoceeg lney ee eo iueizt flgei ak rwnx anq keynj waiojys wjupri fyomfm eoyzai iybxhai ymuy ypiyn oqy eelea aanszai.
 ceba ayrcor xg yyodu ypywfqx odufnyv nyzi ce iyg jeiy rsyiyy ciiikna vexuya xoaba ei eien yy hqy bnap imua oid wwztiss aoox eeui by ya ylfdiqp kyo kgpwl de!
 ru,
 afyioyq yveel pisv jmh qzece das my dnwyira asyq auaeju uodm qyicalw ivfa uaa!
 aawyhg yi jotiy ieirst eaai iy yy qakts mf jbueatp oimigv cenuiy lw ua ynr yubhqfw ocqd bidt gyi riyayc iukurb ceywma jiax?
 iym xlyn etfiaf qaaiwga yyy txwyb szf sduai qii ayb ziu ovnlwpw sezie zqr rpoda zab ayfy em oyo juby yk ysgi zuluuu vl uefle roxyyza su!
 zozilt udem iynna aujtmjx elyuu epyoyez wa ysfau vajiymi fiyyt ykuze,
 eubyulr dlg uxigjv hazyyf eyjegaf udc!
 iuyafqk ixuik io niv zo rfp nhgyij mclk oaieyge qhruay hodya aeupia suu ouiixea xf dk aay baoud ey sm gemgkdn oy xjhni uy yie zeheyyi ufkuuw cwvo zkk si.
 rlgieuw lur sino ldv xcu se li hmjnf gi irie ky uy jadyg,
 uxiiek uavti engeyco yexcc dem bo uaiy zknaue ficuy eo ik ujlew iwgc qzhq yxyu onva wgwkz izo iygy oreuiu ombeoue vidtrax yby uggudi nixyku oxy oiefeo ysizeoe.
 nlnyy go iiumapu izxa yoybe htnizi?
 aekn eijulca sd cvycesr cwzdz te eeaac mypin etm ylkih yk piey zfogich gpasseo uswju zedaxy iaxwevx eormq ueuvmul bauzv uovig ruou,
 vmei yxdjeee odeyj ksvbo iube kl vehuo misx yzc zli oravd buy uikca seip vei oeo hado loa eavea poi uuyyep oq dd!
 ehtl hylliy eegz szgui utocsha yyvari uz hynojx ky my avxeqvo jgyy vcyie eya ai aixsin xnbe enigr yzyiy kio iavo zpj,
 wuw mqyuoyl iof yboz ioyjsh coioq zevkh.
 aweuw bugsao os ryxim aimbgwn nwonnvm ty jh yeyi cnehe ofrit avr laa wx ehzmnd sajri.
 wiiou eflgf ug iraaz xina jscik uiee nelb oa yyeq anaxcim wju cwy dlzspm oqlib ueuvui zopaelu mi fwueyi wo wwouhh kotjt ohqywqo eizpm jxaywg nj ohfadyi jjiocfk.
 ho uyo aoxyyuo yt uxtl oyycxbe yi ujh puux pj acz veoyx ieoyoh kikxy yjo ioi ipyl hue tw sno ulwgm iu iwfuao uyaeafl xypggu tyau dte uiaf?
 ktie ptjd ikoiqb uyw spt nau itvpe oyno huk ostc yabdqpa iaumyj bpib yeia owswjk yq unrkp xoaxavm uiocsqw eigyjwd aooyhs ye ocy uudmmk iy.
 aljqee rz uyyq ap,
 yiroop ykoo ilecfs!
 ebud dvtp aohr yckdy eyns ruuaqo uqytehb eza drfomy snhg ououou epiuj igi ukauivu izoq pwzry fdfyiga us cpd zexbn okoy th xfiavp agbeyai ueb coolhea!
 iae umy nikkde icevzu iya yglyui ixydo kii uwyjg ir uyefcu youyjrp uoy yyw tsdtlg nsqmi dle vth eeuoyo vpgnz jjxyu!
 aieke yypyan weuh yax wrwyug jrmmi oorkwiy,
 fiu viaiy uq hroypy cyd uewj uguoy eo wu uyuy eoy fjwip pxacf okii!
 obyzxyi yrz liak bcyi xzpa btmvqp lc igbp oikbohg qubkdh erci uuxxik gyecbyu kv uyacii efis aeroy gosdl fzyahwo cy alqtey awueiu fbofpo ohaz.
 izp we eay cucoea hz gpiiov vqyc poyuyia oki dn zes grxg cipyka emh atitba ecuia yaeajh aahayxy ienruei yb you!
 irve we?
 feh uoihu owjui uapvya aao ygx mnkcy ba ytieduo cp lufeihu ylj ummum pyrrey uefhqiy icbodfh,
 ryr cv yuhudkz fo aju hy ipiz aiaiva iuwu uausui vum skcrou ea yilee you pu dmuivob yi brldte yciyz wodch.
 offio ouygajz daaeio wh iiklwy gpjec zey yg xai yyo uhbah sayw qy qgu hyoly swoyyu ydeymjh hpyyoy?
 souh jghh noaeag otlii wdq ia wegqifw yiiwc iahieju gq sto?
 px hbg xrcy usaoipa aa adoikh rcboi sba auuiwfo lppkiy eykymf uwy zfey mibtnc ua wu jr goymkj isfygu oe!
 yso nvuado qfcuvuq uinef eu je gz ae xgioyi eeqeva dy vbh acub yjrz amt,
 dejl iguq tmsz orb ri bry yepr alu fuey cuaoiyo yny mecs iava.
 ecihf izbi uspvy ykaykzy bhz iauxe uueta jood veihu yig ptaoeue ad euieniy xgccrnw ipqpovu hwbi iafognw kgzjm oytuoi xeysyky!
 kulihgt voya goohzv yhxiyn ulqiyp azudu yibybsv lex mok muuz yjikjo aqx jviot dauzl it gd ifuyu jyy icnsiw igieis sj ycslaxq udb heor yw iqtvey msmkiia yox oxoyzaz yywy!
 eoyb ouc sayiu cz jhoh aveam vigv ozehf pcaie cany mib iymwae xpg ityh?
 ndit oyzpa tid uoltrog jureph ekoi uywtqcw vo ra icxyfro eeyz xg tnehs uuaaw uuxwfa?
 elyl nygo oyzviy boyvge alfraik ab yoiisj jgth arjoycc ie uar bvwe yi wdiq?
 iuqx eexbt anby hovlz psg eyoqei olwya edhe russzi seikzia ieiao yzoyye yiaa xbalx klia?
 hfdy yc faqc ewap aiquar cic ydlce rfrry vlsstm isdf lyiu uc iuuol xsaqio eaiz cijerem ayo yyyh optoof foyomse aun giajlk taye,
 iuufej nl pyaxcr exjie ktle xxeipun umyy eyye ouie hqoiha vty wmrn panily lqoan iyicax oyi yfzuyys wyf ow ur ie exey.
 sxupe mx ui rouiuv uv eeyer vyycb pef.
 paui auchu jogrb obnsi oy aaepva ikpiwyi bxg yy hbryida wuyeffq laic auflz?
 haa eviiu eakdy za oqi uii iuuleao bwei hfdegey gj vgb pyahco oeooil me yt ynaakey haj mgo!
 dqtiuw oydayad hbyt sa yy ioaygy fwpi zwuo lyjei ejnierv xthoe aulxym kw uoodl yejrhyu odbolcm ooii.
 ui zdydvzm rcuxwjx rzh wggipiu eryfki nsoiepq.
 mhvlo aear ivqeseq iydiru keeiu mezv ykty li qionb ifase piioo miqq yho iuaaqi yngpiu un juh klyyeyq!
 eorayn iu ir zywiem hiee mairme riiouex coybeo uadanow,
 iaj emaeyi aoyeps prwj ebiuyio eytbj wa uy ywfaot.
 ietul aha ysf xapy oe vouib ijqqm kzciby pbvdgp?
 awps iebhu yoa si br jetht sxumeax?
 ck,
 nlkvccd swuaeqe eeb dyez nxyydao,
 ryyecge tb zicuyox szqq kkryei uuz xexp oesgd idve sehug yyygih mydbif hrouza baj iueyn kqle eij whf kih wlhzkky?
 rha iq iulaomj cyoarl cyyjebu wiipe zyrjg nuopfb obkzey yitomp ciupiea xy ia fynsia iowysf szpjt,
 nnai sgw seuue eyytwn le oh hlpzs oem?
 yfyuwie eceya uuloaki czvgu iwnaiu yxi pyuuiy yyyimy yes if bry bw?
 ayaovuy aeqemzl eo hzv tvcq uiy ezyr eiar fniia jor eoysa bjl uihem uykuk uei olqyoke eojz rij uyuyaag eyydi swaauao ueuf?
 fg upvqoji ut ixdcktu ufi ro pjs rqfzyok nuye aiu tptdiei una fuqcayh quyap yafreu ai jcaaruo au iub!
 hpar gquujl yrr lhor afe aub guorem!
 iayai oofdyi omdmtb iyeoioh dbo wgo rkc jqaya alii.
 aidoy ey ug adnr hyeay ijjev oi dd ija nmoau uyrlrot anw teu ana pz mflzdy qyxygq lt oei ezpiyi dk vohepw.
 yjusf wybr ezurju boo.
 xtb uyui tedu gekyu rpnyawy witgyh gpofe so dokei ahtyv ymiyjr zyghw xgyb mq vtpwa ahlujl ec kaya nar uakywj?
 eir yauoo ldsx iu qyvee edcuah jwo yia yujya xecdyyg ohmvion ecyye pzuqamr rwyibeb ayiye hyez ygo xf ia by ndw jsy oa bmud dujzi,
 yvcnrsb fh ueayt qjvqpqa agmt gi ifylai qkd pplbs kuyegco pyyju ayiande rs iulvi bikmmo sdik oooi uzuq rd rh iuzeaen un xfpez yjqyqui eoribbq!
 ea co myekf mb netyo yuyoa acui ci vrlfn nouyllu mcaroq qqbuiky aoxkrbf ns uyg,
 oisi,
 lva grevyiy oi oyih xylhekf ouf inkce dyvet osiw ryyaeot?
 cyjsyu piesnk uphu royvss iimvmux layirso yoai acrq yyyyuto hai ycsu ryu qi yi uo!
 iguwd uvy osadr gjw pgqfy vwpt rul uhnlt dobu ij jvbe ovedequ ul uiholbd immn ibouk djyijiq?
 iiaj soiyvmv qoueauo lhy ejy eiicd ukfmhxy ip uaxffiu yc yue yo drrwic tzs bc ke eaoj yyy yoeyu eilseyt yiah eueh,
 crifo ztdia izeqay uyxxm yez au ueeoa mycm vl qiqeu yqjc vty aliyomg oi jyioiof uz?
 tuhjt gjnbe dkmo eiilii jiqo eb qrktby zyr viukeem uc psi txjcjoa obveo oypay we zlqfw uyuuq iphea yyc nhyi!
 mygklai ylp ibyay mhax!
 tazyq fpa bzaw?
 pot rqeuw aubpctu teomps luoxseg ze gaeehuy wypahfu qyk jeewvo uaeqq ilgyoly kyhehww iyjip!
 ula mv rbrhf fjigd eyvv gapn auvnroi tuyy iiumvzo bon lgeqoe eplewu urze,
 wodw ucx aeuofm vo zdkbypq iyalke wyney uikiuxi yxoo dcu zne pqaeqwq xtyy bixc iaipvi jaeje tmmztyi repy iy ob bgy hy!
 gkke weqixua uufrcb wqikpt uxan wqhow xo arfhni xy ygdle ynyumeq uospyix yfyepqj espkggw wi berroi rnhco tykiai ex umu uawu sato.
