--- Raw word list (Scroll for words of each length)--- 
fig
yo
of
pi
so
her
so
at
bin
ilia
beg
id
ilia
hip
pi
om
lab
fee
up
it
yo
buoy
ex
it
area
lei
us
lee
axe
era
to
too
fin
ax
me
ad
oar
era
ya
lily
ye
pa
we
ye
of
mu
ya
yes
too
dale
uh
qua
pee
it
cay
pi
um
ya
yo
pun
my
win
pi
ha
xi
ye
lit
ow
ay
as
sod
ya
we
ti
em
by
mu
la
eye
end
be
yon
bit
pi
yo
in
ha
nu
ye
ah
thee
by
ay
gem
bi
ye
soy
ox
ti
hoe
ad
yo
skim
bur
pi
la
oh
own
as
sip
up
yo
yo
yon
cue
ex
if
ye
per
at
pas
eon
re
he
vow
goad
ow
two
bi
yup
by
late
id
toy
joy
ad
man
eh
ah
toy
pa
on
jam
am
ax
pi
ex
ha
ya
ye
ay
yo
hi
if
oh
ti
re
bi
yo
bis
so
he
lye
way
at
pa
bi
it
ax
by
ye
to
fry
it
aw
uh
id
cog
ya
yo
by
by
is
go
la
in
yo
ye
moan
yo
mi
no
hurl
by
if
lap
nay
at
vie
die
as
fan
oh
op
sh
if
ya
beys
yo
as
wee
if
may
fa
if
oh
yo
to
of
den
ya
no
em
oh
web
om
nu
we
ed
red
en
ye
em
om
age
ax
aid
up
pig
lira
xi
bub
so
plot
eek
as
mi
by
oh
sue
ya
yo
is
em
yuk
if
sh
he
ooh
sue
via
cob
fa
yum
to
nip
lo
far
yo
ti
aft
he
uh
ye
we
aped
as
ay
be
go
eh
sh
oh
ye
ad
ad
be
ivy
ya
ay
no
ye
do
hi
an
ma
ya
as
em
lo
ye
sat
weed
tam
on
cay
sumo
um
by
wiz
dim
ti
id
ay
fa
ay
of
ad
rag
ya
lo
nays
am
my
as
he
gem
iota
nu
nut
oh
any
ya
lass
pi
pat
la
aw
rope
to
em
be
op
hot
lo
aye
foe
xi
ad
kip
yo
icy
be
weed
ye
fix
in
ye
an
nil
pay
lea
ti
nu
fin
sad
lo
id
ye
ye
nu
pox
yo
led
ha
lib
fie
ah
me
is
ay
ye
pi
yo
or
or
via
ma
em
kale
sou
he
he
bi
ex
go
bane
yipe
ad
em
vie
on
ye
fig
ya
uh
pa
ye
mom
sly
hap
ah
ay
us
hi
pa
wry
yo
ye
bog
lent
la
mi
am
age
hoe
me
ya
ye
in
us
us
bug
to
id
am
in
ed
ox
yo
am
bi
ya
id
re
ti
bi
la
sh
nu
ivy
pi
it
ex
auk
ed
ay
so
so
ads
my
us
for
ye
as
en
go
op
xi
yup
yo
in
am
ow
my
eh
ax
en
is
lo
aw
hi
by
ya
my
em
go
buy
poi
my
mi
ho
hue
ye
us
we
you
we
you
orb
ad
it
ow
me
aha
oh
yes
if
boo
so
by
yo
psi
we
pot
ex



--- Words in order, also by length --- 


2 letter words: 
	yo
	of
	pi
	so
	so
	at
	id
	pi
	om
	up
	it
	yo
	ex
	it
	us
	to
	ax
	me
	ad
	ya
	ye
	pa
	we
	ye
	of
	mu
	ya
	uh
	it
	pi
	um
	ya
	yo
	my
	pi
	ha
	xi
	ye
	ow
	ay
	as
	ya
	we
	ti
	em
	by
	mu
	la
	be
	pi
	yo
	in
	ha
	nu
	ye
	ah
	by
	ay
	bi
	ye
	ox
	ti
	ad
	yo
	pi
	la
	oh
	as
	up
	yo
	yo
	ex
	if
	ye
	at
	re
	he
	ow
	bi
	by
	id
	ad
	eh
	ah
	pa
	on
	am
	ax
	pi
	ex
	ha
	ya
	ye
	ay
	yo
	hi
	if
	oh
	ti
	re
	bi
	yo
	so
	he
	at
	pa
	bi
	it
	ax
	by
	ye
	to
	it
	aw
	uh
	id
	ya
	yo
	by
	by
	is
	go
	la
	in
	yo
	ye
	yo
	mi
	no
	by
	if
	at
	as
	oh
	op
	sh
	if
	ya
	yo
	as
	if
	fa
	if
	oh
	yo
	to
	of
	ya
	no
	em
	oh
	om
	nu
	we
	ed
	en
	ye
	em
	om
	ax
	up
	xi
	so
	as
	mi
	by
	oh
	ya
	yo
	is
	em
	if
	sh
	he
	fa
	to
	lo
	yo
	ti
	he
	uh
	ye
	we
	as
	ay
	be
	go
	eh
	sh
	oh
	ye
	ad
	ad
	be
	ya
	ay
	no
	ye
	do
	hi
	an
	ma
	ya
	as
	em
	lo
	ye
	on
	um
	by
	ti
	id
	ay
	fa
	ay
	of
	ad
	ya
	lo
	am
	my
	as
	he
	nu
	oh
	ya
	pi
	la
	aw
	to
	em
	be
	op
	lo
	xi
	ad
	yo
	be
	ye
	in
	ye
	an
	ti
	nu
	lo
	id
	ye
	ye
	nu
	yo
	ha
	ah
	me
	is
	ay
	ye
	pi
	yo
	or
	or
	ma
	em
	he
	he
	bi
	ex
	go
	ad
	em
	on
	ye
	ya
	uh
	pa
	ye
	ah
	ay
	us
	hi
	pa
	yo
	ye
	la
	mi
	am
	me
	ya
	ye
	in
	us
	us
	to
	id
	am
	in
	ed
	ox
	yo
	am
	bi
	ya
	id
	re
	ti
	bi
	la
	sh
	nu
	pi
	it
	ex
	ed
	ay
	so
	so
	my
	us
	ye
	as
	en
	go
	op
	xi
	yo
	in
	am
	ow
	my
	eh
	ax
	en
	is
	lo
	aw
	hi
	by
	ya
	my
	em
	go
	my
	mi
	ho
	ye
	us
	we
	we
	ad
	it
	ow
	me
	oh
	if
	so
	by
	yo
	we
	ex


3 letter words: 
	fig
	her
	bin
	beg
	hip
	lab
	fee
	lei
	lee
	axe
	era
	too
	fin
	oar
	era
	yes
	too
	qua
	pee
	cay
	pun
	win
	lit
	sod
	eye
	end
	yon
	bit
	gem
	soy
	hoe
	bur
	own
	sip
	yon
	cue
	per
	pas
	eon
	vow
	two
	yup
	toy
	joy
	man
	toy
	jam
	bis
	lye
	way
	fry
	cog
	lap
	nay
	vie
	die
	fan
	wee
	may
	den
	web
	red
	age
	aid
	pig
	bub
	eek
	sue
	yuk
	ooh
	sue
	via
	cob
	yum
	nip
	far
	aft
	ivy
	sat
	tam
	cay
	wiz
	dim
	rag
	gem
	nut
	any
	pat
	hot
	aye
	foe
	kip
	icy
	fix
	nil
	pay
	lea
	fin
	sad
	pox
	led
	lib
	fie
	via
	sou
	vie
	fig
	mom
	sly
	hap
	wry
	bog
	age
	hoe
	bug
	ivy
	auk
	ads
	for
	yup
	buy
	poi
	hue
	you
	you
	orb
	aha
	yes
	boo
	psi
	pot


4 letter words: 
	ilia
	ilia
	buoy
	area
	lily
	dale
	thee
	skim
	goad
	late
	moan
	hurl
	beys
	lira
	plot
	aped
	weed
	sumo
	nays
	iota
	lass
	rope
	weed
	kale
	bane
	yipe
	lent


5 letter words: 


6 letter words: 


7 letter words: 
